27/11/2014 
11:54
$PROBLEM Warfarin_PK_ODE in 0.3.1

$DATA warfarin_conc.csv IGNORE=@ 
; The IGNORE= statement will use the first character in the header row 
; of the dataset. If this character is alphabetical the @ symbol can be set. 
; If there is no header row there should be no IGNORE=<character> option on 
; the $DATA statement.

$INPUT ID TIME WT AMT DVID DV MDV LOGTWT

$SUBS ADVAN13 TOL=9 ; Hardcoded for DE problems

$MODEL
COMP (GUT)
COMP (CENTR)

$PK

; Population parameter definitions

  POP_TLAG=THETA(1)
  POP_KA=THETA(2)
  POP_V=THETA(3)
  POP_CL=THETA(4)
  BETA_V_WT=THETA(5)
  BETA_CL_WT=THETA(6)

; Individual parameter definitions
  
  TLAG=POP_TLAG*EXP(ETA(1))
  KA=POP_KA*EXP(ETA(2))
  V=POP_V*EXP(BETA_V_WT*LOGTWT)*EXP(ETA(3))
  CL=POP_CL*EXP(BETA_CL_WT*LOGTWT)*EXP(ETA(4))
  
  ; I am hoping to include the below addition that will enable the 
  ; mu referencing feature for EM methods in Nonmem. Unfortunately
  ; I'm not yet sure how to handle cases where the PharmML breaks 
  ; Nonmem rules for mu referencing.
  ;
  ; MU_1=LOG(POP_TLAG)
  ; MU_2=LOG(POP_KA)
  ; MU_3=LOG(POP_V)
  ; MU_4=LOG(POP_CL)
  
$DES
  
  IF(TIME.GT.TLAG) THEN
    RATEIN=A(1)*KA
  ELSE
    RATEIN=0
  ENDIF
  
  DADT(1)=-RATEIN
  DADT(2)=RATEIN-(CL*(A(2)/V))
  
$ERROR

  CC=A(2)/V
  
; Hardcoded CombinedError1 with the mapping of f to CC, additive to RUV_ADD and
; proportional to RUV_PROP

   IPRED = CC+0.00001
   IF(CC.GT.0) IPRED = CC
   W = THETA(7)+THETA(8)*IPRED
   Y = CC+W*EPS(1)
   IPRED = CC
   IRES = DV - IPRED
   IWRES = IRES / W
  
$THETA
  1             ; POP_TLAG
  0.362         ; POP_KA
  8             ; POP_V
  0.1           ; POP_CL
  1 FIX         ; BETA_V_WT
  0.75 FIX      ; BETA_CL_WT
  0.1           ; RUV_ADD
  0.1   	    ; RUV_PROP
  
$OMEGA
  0.1 SD        ; PPV_TLAG 
  0.1 SD        ; PPV_KA

; Blocks are now written out line by line to satisfy output parser requirements.
  
$OMEGA BLOCK(2) SD CORRELATION
  0.1           ; PPV_V
  0.01          ; CORR_CL_V
  0.1           ; PPV_CL
  
$SIGMA
  1 FIX 

; Hardcoded SAEM method
  
;$ESTIMATION METHOD=SAEM INTER NBURN=2000 NITER=100 ISAMPLE=2 IACCEPT=0.4 PRINT=10 CTYPE=3

$EST METHOD=COND INTER MAXEVALS=9999 PRINT=10

 
; Table output logic not yet fully defined. It is being reworked for xpose compatibility. 

$TABLE ID TIME DV IPRED Y IRES IWRES  FILE=sdtab

$TABLE ID TIME TLAG KA V CL FILE=patab NOAPPEND

$TABLE ID TIME WT LOGTWT FILE=cotab NOAPPEND

  
NM-TRAN MESSAGES 
  
 WARNINGS AND ERRORS (IF ANY) FOR PROBLEM    1
             
 (WARNING  2) NM-TRAN INFERS THAT THE DATA ARE POPULATION.
 CREATING MUMODEL ROUTINE...
  
License Registered to: Mango Business Solutions Ltd
Expiration Date:    14 OCT 2015
Current Date:       27 NOV 2014
Days until program expires : 322
1NONLINEAR MIXED EFFECTS MODEL PROGRAM (NONMEM) VERSION 7.2.0
 ORIGINALLY DEVELOPED BY STUART BEAL, LEWIS SHEINER, AND ALISON BOECKMANN
 CURRENT DEVELOPERS ARE ROBERT BAUER, ICON DEVELOPMENT SOLUTIONS,
 AND ALISON BOECKMANN. IMPLEMENTATION, EFFICIENCY, AND STANDARDIZATION
 PERFORMED BY NOUS INFOSYSTEMS.

 PROBLEM NO.:         1
 Warfarin_PK_ODE in 0.3.1
0DATA CHECKOUT RUN:              NO
 DATA SET LOCATED ON UNIT NO.:    2
 THIS UNIT TO BE REWOUND:        NO
 NO. OF DATA RECS IN DATA SET:      288
 NO. OF DATA ITEMS IN DATA SET:   9
 ID DATA ITEM IS DATA ITEM NO.:   1
 DEP VARIABLE IS DATA ITEM NO.:   6
 MDV DATA ITEM IS DATA ITEM NO.:  7
0INDICES PASSED TO SUBROUTINE PRED:
   9   2   4   0   0   0   0   0   0   0   0
0LABELS FOR DATA ITEMS:
 ID TIME WT AMT DVID DV MDV LOGTWT EVID
0(NONBLANK) LABELS FOR PRED-DEFINED ITEMS:
 TLAG KA V CL IPRED Y IRES IWRES
0FORMAT FOR DATA:
 (E3.0,E4.0,2E5.0,E2.0,E5.0,E2.0,E13.0,1F2.0)

 TOT. NO. OF OBS RECS:      250
 TOT. NO. OF INDIVIDUALS:     32
0LENGTH OF THETA:   8
0DEFAULT THETA BOUNDARY TEST OMITTED:    NO
0OMEGA HAS BLOCK FORM:
  1
  0  2
  0  0  3
  0  0  3  3
0DEFAULT OMEGA BOUNDARY TEST OMITTED:    NO
0SIGMA HAS SIMPLE DIAGONAL FORM WITH DIMENSION:   1
0DEFAULT SIGMA BOUNDARY TEST OMITTED:    NO
0INITIAL ESTIMATE OF THETA:
 LOWER BOUND    INITIAL EST    UPPER BOUND
 -0.1000E+07     0.1000E+01     0.1000E+07
 -0.1000E+07     0.3620E+00     0.1000E+07
 -0.1000E+07     0.8000E+01     0.1000E+07
 -0.1000E+07     0.1000E+00     0.1000E+07
  0.1000E+01     0.1000E+01     0.1000E+01
  0.7500E+00     0.7500E+00     0.7500E+00
 -0.1000E+07     0.1000E+00     0.1000E+07
 -0.1000E+07     0.1000E+00     0.1000E+07
0INITIAL ESTIMATE OF OMEGA:
 BLOCK SET NO.   BLOCK                                                                    FIXED
        1                                                                                   NO
                  0.1000E-01
        2                                                                                   NO
                  0.1000E-01
        3                                                                                   NO
                  0.1000E-01
                  0.1000E-03   0.1000E-01
0INITIAL ESTIMATE OF SIGMA:
 0.1000E+01
0SIGMA CONSTRAINED TO BE THIS INITIAL ESTIMATE
0ESTIMATION STEP OMITTED:           NO
 CONDITIONAL ESTIMATES USED:       YES
 CENTERED ETA:                      NO
 EPS-ETA INTERACTION:              YES
 LAPLACIAN OBJ. FUNC.:              NO
 NO. OF FUNCT. EVALS. ALLOWED:       9999
 NO. OF SIG. FIGURES REQUIRED:       3
 INTERMEDIATE PRINTOUT:            YES
 ESTIMATE OUTPUT TO MSF:            NO
 IND. OBJ. FUNC. VALUES SORTED:     NO
0TABLES STEP OMITTED:    NO
 NO. OF TABLES:           3
0-- TABLE   1 --
 PRINTED:               YES
 FOR TABLE FILE,
 HEADER:                YES
 FILE TO BE FORWARDED:   NO
0USER-CHOSEN ITEMS:
 ID TIME DV IPRED Y IRES IWRES
0-- TABLE   2 --
04 COLUMNS APPENDED:     NO
 PRINTED:               YES
 FOR TABLE FILE,
 HEADER:                YES
 FILE TO BE FORWARDED:   NO
0USER-CHOSEN ITEMS:
 ID TIME TLAG KA V CL
0-- TABLE   3 --
04 COLUMNS APPENDED:     NO
 PRINTED:               YES
 FOR TABLE FILE,
 HEADER:                YES
 FILE TO BE FORWARDED:   NO
0USER-CHOSEN ITEMS:
 ID TIME WT LOGTWT

 THE FOLLOWING LABELS ARE EQUIVALENT
 PRED=PREDI
 RES=RESI
 WRES=WRESI
1DOUBLE PRECISION PREDPP VERSION 7.2.0

 GENERAL NONLINEAR KINETICS MODEL USING LSODA (ADVAN13)
0MODEL SUBROUTINE USER-SUPPLIED - ID NO. 9999
0MAXIMUM NO. OF BASIC PK PARAMETERS:   4
0COMPARTMENT ATTRIBUTES
 COMPT. NO.   FUNCTION   INITIAL    ON/OFF      DOSE      DEFAULT    DEFAULT
                         STATUS     ALLOWED    ALLOWED    FOR DOSE   FOR OBS.
    1         GUT          ON         YES        YES        YES        YES
    2         CENTR        ON         YES        YES        NO         NO
    3         OUTPUT       OFF        YES        NO         NO         NO
0NRD VALUE(S) FROM SUBROUTINE TOL:   9
1
 ADDITIONAL PK PARAMETERS - ASSIGNMENT OF ROWS IN GG
 COMPT. NO.                             INDICES
              SCALE      BIOAVAIL.   ZERO-ORDER  ZERO-ORDER  ABSORB
                         FRACTION    RATE        DURATION    LAG
    1           *           *           *           *           *
    2           *           *           *           *           *
    3           *           -           -           -           -
             - PARAMETER IS NOT ALLOWED FOR THIS MODEL
             * PARAMETER IS NOT SUPPLIED BY PK SUBROUTINE;
               WILL DEFAULT TO ONE IF APPLICABLE
0DATA ITEM INDICES USED BY PRED ARE:
   EVENT ID DATA ITEM IS DATA ITEM NO.:      9
   TIME DATA ITEM IS DATA ITEM NO.:          2
   DOSE AMOUNT DATA ITEM IS DATA ITEM NO.:   4

0PK SUBROUTINE CALLED WITH EVERY EVENT RECORD.
 PK SUBROUTINE NOT CALLED AT NONEVENT (ADDITIONAL OR LAGGED) DOSE TIMES.
0ERROR SUBROUTINE CALLED WITH EVERY EVENT RECORD.
0ERROR SUBROUTINE INDICATES THAT DERIVATIVES OF COMPARTMENT AMOUNTS ARE USED.
0DES SUBROUTINE USES FULL STORAGE MODE.
1


 #TBLN:      1
 #METH: First Order Conditional Estimation with Interaction

 MONITORING OF SEARCH:


0ITERATION NO.:    0    OBJECTIVE VALUE:   6285.20421046452        NO. OF FUNC. EVALS.:   8
 CUMULATIVE NO. OF FUNC. EVALS.:        8
 NPARAMETR:  1.0000E+00  3.6200E-01  8.0000E+00  1.0000E-01  1.0000E-01  1.0000E-01  1.0000E-02  1.0000E-02  1.0000E-02  1.0000E-04
             1.0000E-02
 PARAMETER:  1.0000E-01  1.0000E-01  1.0000E-01  1.0000E-01  1.0000E-01  1.0000E-01  1.0000E-01  1.0000E-01  1.0000E-01  1.0000E-01
             1.0000E-01
 GRADIENT:   3.0249E+06  3.0201E+06  3.0238E+06  3.0139E+06  2.9121E+06  3.0157E+06  0.0000E+00 -1.2921E+02 -7.0008E+01  6.2379E+00
            -4.9743E+02

0ITERATION NO.:   10    OBJECTIVE VALUE:   302.828811859688        NO. OF FUNC. EVALS.:  11
 CUMULATIVE NO. OF FUNC. EVALS.:      216
 NPARAMETR:  5.7813E-01  6.3493E-01  8.1942E+00  1.2940E-01  5.1385E-02  1.5317E-01  1.0000E-02  1.3417E-02  1.6077E-02  1.3756E-04
             3.2367E-02
 PARAMETER:  5.7812E-02  1.7540E-01  1.0243E-01  1.2940E-01  5.1385E-02  1.5317E-01  1.0000E-01  2.4696E-01  3.3739E-01  1.0849E-01
             6.8731E-01
 GRADIENT:   3.3897E+06  1.9327E+06  3.3051E+06  2.6233E+06  3.3885E+06  2.2093E+06  0.0000E+00 -1.2346E+01  9.8265E-01 -8.8225E-01
            -4.7381E+01

0ITERATION NO.:   20    OBJECTIVE VALUE:   295.183462014912        NO. OF FUNC. EVALS.:  11
 CUMULATIVE NO. OF FUNC. EVALS.:      399
 NPARAMETR:  5.0072E-01  6.4153E-01  8.0840E+00  1.3999E-01  5.1160E-02  1.4922E-01  1.0000E-02  1.3430E-02  1.5448E-02  1.7458E-04
             5.8309E-02
 PARAMETER:  5.0072E-02  1.7722E-01  1.0105E-01  1.3999E-01  5.1160E-02  1.4922E-01  1.0000E-01  2.4745E-01  3.1745E-01  1.4046E-01
             9.8162E-01
 GRADIENT:   3.5186E+06  1.9856E+06  3.4770E+06  2.5178E+06  3.5172E+06  2.3540E+06  0.0000E+00 -1.4029E+01 -2.8171E-01 -6.1336E-01
            -5.3935E+00

0ITERATION NO.:   30    OBJECTIVE VALUE:   274.444794745104        NO. OF FUNC. EVALS.:  19
 CUMULATIVE NO. OF FUNC. EVALS.:      641
 NPARAMETR:  5.0027E-01  6.4438E-01  8.1574E+00  1.3466E-01  5.0648E-02  1.4981E-01  1.0000E-02  2.6537E-01  1.5771E-02  2.4726E-04
             6.2447E-02
 PARAMETER:  5.0027E-02  1.7801E-01  1.0197E-01  1.3466E-01  5.0648E-02  1.4981E-01  1.0000E-01  1.7393E+00  3.2779E-01  1.9689E-01
             1.0159E+00
 GRADIENT:   2.0935E+07  1.1761E+07  2.0496E+07  1.5569E+07  2.0925E+07  1.3951E+07  0.0000E+00 -9.4895E-01  4.6213E+00 -2.8469E-01
            -5.8031E-01

0ITERATION NO.:   40    OBJECTIVE VALUE:   213.852567844225        NO. OF FUNC. EVALS.:   9
 CUMULATIVE NO. OF FUNC. EVALS.:      863
 NPARAMETR:  5.2571E-01  7.1376E-01  7.8739E+00  1.4274E-01 -1.1000E-05  1.6644E-01  1.0000E-02  2.9362E-01  1.4701E-02  2.4193E-04
             6.5547E-02
 PARAMETER:  5.2571E-02  1.9717E-01  9.8424E-02  1.4274E-01 -1.1000E-05  1.6644E-01  1.0000E-01  1.7898E+00  2.9267E-01  1.9953E-01
             1.0401E+00
 GRADIENT:   2.5247E+07  1.2805E+07  2.5197E+07  1.7720E+07  2.5415E+07  1.5140E+07  0.0000E+00  6.0251E-01  4.0306E+00 -1.7962E-01
             9.1910E-02

0ITERATION NO.:   50    OBJECTIVE VALUE:   206.928847543900        NO. OF FUNC. EVALS.:  23
 CUMULATIVE NO. OF FUNC. EVALS.:     1045
 NPARAMETR:  7.8836E-01  7.0130E-01  8.1471E+00  1.3457E-01 -1.0066E-05  1.4968E-01  1.0000E-02  2.8464E-01  1.1017E-02  2.0965E-04
             6.3992E-02
 PARAMETER:  7.8836E-02  1.9373E-01  1.0184E-01  1.3457E-01 -1.0066E-05  1.4968E-01  1.0000E-01  1.7743E+00  1.4842E-01  1.9974E-01
             1.0281E+00
 GRADIENT:   0.0000E+00  4.8593E+02 -5.2389E+04  3.8498E+04 -2.3609E+04 -3.6164E+04  0.0000E+00 -8.2321E-02 -3.8243E+00 -2.7246E-01
             9.8520E-01

0ITERATION NO.:   60    OBJECTIVE VALUE:   181.796986637884        NO. OF FUNC. EVALS.:  42
 CUMULATIVE NO. OF FUNC. EVALS.:     1302             RESET HESSIAN, TYPE I
 NPARAMETR:  7.3356E-01  7.8277E-01  8.0098E+00  1.4645E-01 -1.5372E-06  1.6827E-01  1.0000E-02  2.8840E-01  1.1104E-02  5.1197E-04
             7.5950E-02
 PARAMETER:  7.3356E-02  2.1624E-01  1.0012E-01  1.4645E-01 -1.5372E-06  1.6827E-01  1.0000E-01  1.7809E+00  1.5237E-01  4.8585E-01
             1.1136E+00
 GRADIENT:   2.3995E+07  1.1097E+07  2.3919E+07  1.6415E+07  2.4505E+07  1.4234E+07  0.0000E+00 -5.7537E-01  4.8165E-01 -1.6521E-01
             5.2303E+00

0ITERATION NO.:   70    OBJECTIVE VALUE:   111.424745411525        NO. OF FUNC. EVALS.:  25
 CUMULATIVE NO. OF FUNC. EVALS.:     1504
 NPARAMETR:  5.1417E-01  7.0603E-01  8.3277E+00  1.2221E-01 -1.6608E-06  1.6608E-01  1.0000E-02  2.6027E-01  1.1106E-02  5.2567E-04
             6.6019E-02
 PARAMETER:  5.1417E-02  1.9504E-01  1.0410E-01  1.2221E-01 -1.6608E-06  1.6608E-01  1.0000E-01  1.7296E+00  1.5246E-01  4.9880E-01
             1.0435E+00
 GRADIENT:   0.0000E+00  3.6328E+02 -3.8212E+04  3.1552E+04 -1.1315E+04 -2.4699E+04  0.0000E+00 -1.8393E-01 -1.9886E+00 -1.1088E-01
            -6.0771E+00

0ITERATION NO.:   75    OBJECTIVE VALUE:   101.803672550302        NO. OF FUNC. EVALS.:  44
 CUMULATIVE NO. OF FUNC. EVALS.:     1648
 NPARAMETR:  5.1110E-01  7.0763E-01  8.2979E+00  1.2374E-01 -1.6608E-06  1.6608E-01  1.0000E-02  2.6063E-01  1.1160E-02  5.2729E-04
             6.6482E-02
 PARAMETER:  5.1110E-02  1.9545E-01  1.0375E-01  1.2362E-01 -1.6608E-06  1.6608E-01  1.0000E-01  1.7302E+00  1.5488E-01  4.9887E-01
             1.0469E+00
 GRADIENT:   0.0000E+00 -3.4631E+00  5.2972E+02 -6.4622E+02  9.2235E+00  1.1452E+02  0.0000E+00 -2.0185E-01 -1.4945E+00 -1.4054E-01
            -3.6202E+00

 #TERM:
0MINIMIZATION TERMINATED
 DUE TO ROUNDING ERRORS (ERROR=134)
 NO. OF FUNCTION EVALUATIONS USED:     1648
 NO. OF SIG. DIGITS UNREPORTABLE

 ETABAR IS THE ARITHMETIC MEAN OF THE ETA-ESTIMATES,
 AND THE P-VALUE IS GIVEN FOR THE NULL HYPOTHESIS THAT THE TRUE MEAN IS 0.

 ETABAR:         0.0000E+00 -1.4555E-02 -1.4560E-02  8.5036E-02
 SE:             0.0000E+00  4.4405E-02  1.2869E-02  4.3113E-02

 P VAL.:         1.0000E+00  7.4308E-01  2.5786E-01  4.8564E-02

 ETAshrink(%):   1.0000E+02  5.0007E+01  2.9988E+01  3.8821E+00
 EPSshrink(%):   1.7921E+01

 #TERE:
 Elapsed estimation time in seconds:   497.34
1
 
 
 
 
 
 
 
 
 
 
 
 
 
 
 
 
 
 
 
 
 ************************************************************************************************************************
 ********************                                                                                ********************
 ********************               FIRST ORDER CONDITIONAL ESTIMATION WITH INTERACTION              ********************
 #OBJT:**************                       MINIMUM VALUE OF OBJECTIVE FUNCTION                      ********************
 ********************                                                                                ********************
 ************************************************************************************************************************
 





 #OBJV:********************************************      101.804       **************************************************
1
 ************************************************************************************************************************
 ********************                                                                                ********************
 ********************               FIRST ORDER CONDITIONAL ESTIMATION WITH INTERACTION              ********************
 ********************                             FINAL PARAMETER ESTIMATE                           ********************
 ********************                                                                                ********************
 ************************************************************************************************************************
 


 THETA - VECTOR OF FIXED EFFECTS PARAMETERS   *********


         TH 1      TH 2      TH 3      TH 4      TH 5      TH 6      TH 7      TH 8     
 
         5.11E-01  7.08E-01  8.30E+00  1.24E-01  1.00E+00  7.50E-01 -1.66E-06  1.66E-01
 


 OMEGA - COV MATRIX FOR RANDOM EFFECTS - ETAS  ********


            ETA1      ETA2      ETA3      ETA4   
 
 ETA1
+        1.00E-02
 
 ETA2
+        0.00E+00  2.61E-01
 
 ETA3
+        0.00E+00  0.00E+00  1.12E-02
 
 ETA4
+        0.00E+00  0.00E+00  5.27E-04  6.65E-02
 


 SIGMA - COV MATRIX FOR RANDOM EFFECTS - EPSILONS  ****


            EPS1   
 
 EPS1
+        1.00E+00
 
1


 OMEGA - CORR MATRIX FOR RANDOM EFFECTS - ETAS  *******


            ETA1      ETA2      ETA3      ETA4   
 
 ETA1
+        1.00E-01
 
 ETA2
+        0.00E+00  5.10E-01
 
 ETA3
+        0.00E+00  0.00E+00  1.06E-01
 
 ETA4
+        0.00E+00  0.00E+00  1.94E-02  2.58E-01
 


 SIGMA - CORR MATRIX FOR RANDOM EFFECTS - EPSILONS  ***


            EPS1   
 
 EPS1
+        1.00E+00
 
1
 
 
 
 
 
 
 
 
 
 
 
 
 
 
 
 
 
 
 
 
 ************************************************************************************************************************
 ********************                                                                                ********************
 ********************               FIRST ORDER CONDITIONAL ESTIMATION WITH INTERACTION              ********************
 ********************                          TABLES OF DATA AND PREDICTIONS                        ********************
 ********************                                                                                ********************
 ************************************************************************************************************************
 
1TABLE NO.  1



 LINE NO.ID        TIME      DV        IPRED     Y         IRES      IWRES     DV        PRED      RES       WRES     
 
    1
+        1.00E+00  0.00E+00  0.00E+00  0.00E+00  0.00E+00  0.00E+00 -0.00E+00  0.00E+00  0.00E+00  0.00E+00  0.00E+00
 
    2
+        1.00E+00  5.00E-01  0.00E+00  0.00E+00  0.00E+00  0.00E+00 -0.00E+00  0.00E+00  0.00E+00  0.00E+00  0.00E+00
 
    3
+        1.00E+00  1.00E+00  1.90E+00  1.76E+00  1.76E+00  1.36E-01  4.65E-01  1.90E+00  3.75E+00 -1.85E+00  6.56E-03
 
    4
+        1.00E+00  2.00E+00  3.30E+00  4.50E+00  4.50E+00 -1.20E+00 -1.60E+00  3.30E+00  8.16E+00 -4.86E+00 -1.57E+00
 
    5
+        1.00E+00  3.00E+00  6.60E+00  6.41E+00  6.41E+00  1.90E-01  1.78E-01  6.60E+00  1.02E+01 -3.64E+00 -7.39E-01
 
    6
+        1.00E+00  6.00E+00  9.10E+00  9.11E+00  9.11E+00 -5.66E-03 -3.74E-03  9.10E+00  1.16E+01 -2.53E+00 -5.78E-01
 
    7
+        1.00E+00  9.00E+00  1.08E+01  9.51E+00  9.51E+00  1.29E+00  8.15E-01  1.08E+01  1.13E+01 -5.34E-01  3.57E-01
 
    8
+        1.00E+00  1.20E+01  8.60E+00  9.06E+00  9.06E+00 -4.57E-01 -3.04E-01  8.60E+00  1.09E+01 -2.26E+00 -5.51E-01
 
    9
+        1.00E+00  2.40E+01  5.60E+00  6.04E+00  6.04E+00 -4.43E-01 -4.41E-01  5.60E+00  9.07E+00 -3.47E+00 -1.21E+00
 
   10
+        1.00E+00  3.60E+01  4.00E+00  3.85E+00  3.85E+00  1.54E-01  2.41E-01  4.00E+00  7.57E+00 -3.57E+00 -1.30E+00
 
   11
+        1.00E+00  4.80E+01  2.70E+00  2.44E+00  2.44E+00  2.57E-01  6.34E-01  2.70E+00  6.31E+00 -3.61E+00 -1.41E+00
 
   12
+        1.00E+00  7.20E+01  8.00E-01  9.85E-01  9.85E-01 -1.85E-01 -1.13E+00  8.00E-01  4.40E+00 -3.60E+00 -1.77E+00
 
   13
+        1.00E+00  9.60E+01  0.00E+00  3.97E-01  3.97E-01 -3.97E-01 -6.02E+00  0.00E+00  3.06E+00  0.00E+00  0.00E+00
 
   14
+        1.00E+00  1.20E+02  0.00E+00  1.60E-01  1.60E-01 -1.60E-01 -6.02E+00  0.00E+00  2.13E+00  0.00E+00  0.00E+00
 
   15
+        2.00E+00  0.00E+00  0.00E+00  0.00E+00  0.00E+00  0.00E+00 -0.00E+00  0.00E+00  0.00E+00  0.00E+00  0.00E+00
 
   16
+        2.00E+00  2.40E+01  9.20E+00  9.16E+00  9.16E+00  4.49E-02  2.96E-02  9.20E+00  9.00E+00  2.02E-01  1.53E-02
 
   17
+        2.00E+00  3.60E+01  8.50E+00  7.71E+00  7.71E+00  7.90E-01  6.17E-01  8.50E+00  7.51E+00  9.91E-01  6.14E-01
 
   18
+        2.00E+00  4.80E+01  6.40E+00  6.49E+00  6.49E+00 -9.23E-02 -8.56E-02  6.40E+00  6.27E+00  1.34E-01 -1.03E-01
 
   19
+        2.00E+00  7.20E+01  4.80E+00  4.60E+00  4.60E+00  1.96E-01  2.56E-01  4.80E+00  4.36E+00  4.36E-01  2.33E-01
 
   20
+        2.00E+00  9.60E+01  3.10E+00  3.26E+00  3.26E+00 -1.65E-01 -3.04E-01  3.10E+00  3.04E+00  6.08E-02 -3.53E-01
 
   21
+        2.00E+00  1.20E+02  2.50E+00  2.32E+00  2.32E+00  1.85E-01  4.80E-01  2.50E+00  2.12E+00  3.83E-01  4.09E-01
 
   22
+        3.00E+00  0.00E+00  0.00E+00  0.00E+00  0.00E+00  0.00E+00 -0.00E+00  0.00E+00  0.00E+00  0.00E+00  0.00E+00
 
   23
+        3.00E+00  5.00E-01  0.00E+00  0.00E+00  0.00E+00  0.00E+00 -0.00E+00  0.00E+00  0.00E+00  0.00E+00  0.00E+00
 
   24
+        3.00E+00  2.00E+00  8.40E+00  7.85E+00  7.85E+00  5.48E-01  4.20E-01  8.40E+00  8.16E+00  2.40E-01  2.61E-01
 
   25
+        3.00E+00  3.00E+00  9.70E+00  9.92E+00  9.92E+00 -2.25E-01 -1.36E-01  9.70E+00  1.02E+01 -5.38E-01 -2.21E-01
 
1

 LINE NO.ID        TIME      DV        IPRED     Y         IRES      IWRES     DV        PRED      RES       WRES     
 
   26
+        3.00E+00  6.00E+00  9.80E+00  1.14E+01  1.14E+01 -1.57E+00 -8.30E-01  9.80E+00  1.16E+01 -1.83E+00 -8.54E-01
 
   27
+        3.00E+00  1.20E+01  1.10E+01  1.06E+01  1.06E+01  4.41E-01  2.51E-01  1.10E+01  1.09E+01  1.41E-01  1.80E-01
 
   28
+        3.00E+00  2.40E+01  8.30E+00  8.65E+00  8.65E+00 -3.50E-01 -2.44E-01  8.30E+00  9.07E+00 -7.66E-01 -3.64E-01
 
   29
+        3.00E+00  3.60E+01  7.70E+00  7.08E+00  7.08E+00  6.18E-01  5.25E-01  7.70E+00  7.57E+00  1.35E-01  2.93E-01
 
   30
+        3.00E+00  4.80E+01  6.30E+00  5.80E+00  5.80E+00  5.01E-01  5.20E-01  6.30E+00  6.31E+00 -1.36E-02  2.24E-01
 
   31
+        3.00E+00  7.20E+01  4.10E+00  3.89E+00  3.89E+00  2.12E-01  3.29E-01  4.10E+00  4.40E+00 -2.97E-01 -3.92E-02
 
   32
+        3.00E+00  9.60E+01  3.00E+00  2.61E+00  2.61E+00  3.94E-01  9.10E-01  3.00E+00  3.06E+00 -6.22E-02  3.70E-01
 
   33
+        3.00E+00  1.20E+02  1.40E+00  1.75E+00  1.75E+00 -3.47E-01 -1.20E+00  1.40E+00  2.13E+00 -7.33E-01 -1.25E+00
 
   34
+        4.00E+00  0.00E+00  0.00E+00  0.00E+00  0.00E+00  0.00E+00 -0.00E+00  0.00E+00  0.00E+00  0.00E+00  0.00E+00
 
   35
+        4.00E+00  3.00E+00  1.20E+01  1.16E+01  1.16E+01  4.11E-01  2.13E-01  1.20E+01  1.08E+01  1.18E+00  2.97E-01
 
   36
+        4.00E+00  6.00E+00  1.32E+01  1.25E+01  1.25E+01  7.42E-01  3.59E-01  1.32E+01  1.17E+01  1.54E+00  4.87E-01
 
   37
+        4.00E+00  9.00E+00  1.44E+01  1.21E+01  1.21E+01  2.26E+00  1.12E+00  1.44E+01  1.13E+01  3.08E+00  1.31E+00
 
   38
+        4.00E+00  2.40E+01  9.60E+00  1.00E+01  1.00E+01 -4.38E-01 -2.63E-01  9.60E+00  9.14E+00  4.61E-01 -1.53E-01
 
   39
+        4.00E+00  3.60E+01  8.20E+00  8.61E+00  8.61E+00 -4.13E-01 -2.89E-01  8.20E+00  7.69E+00  5.12E-01 -1.81E-01
 
   40
+        4.00E+00  4.80E+01  7.80E+00  7.39E+00  7.39E+00  4.10E-01  3.34E-01  7.80E+00  6.47E+00  1.33E+00  5.12E-01
 
   41
+        4.00E+00  7.20E+01  5.80E+00  5.44E+00  5.44E+00  3.59E-01  3.98E-01  5.80E+00  4.58E+00  1.22E+00  5.74E-01
 
   42
+        4.00E+00  9.60E+01  4.30E+00  4.01E+00  4.01E+00  2.95E-01  4.43E-01  4.30E+00  3.24E+00  1.06E+00  6.01E-01
 
   43
+        4.00E+00  1.20E+02  3.00E+00  2.95E+00  2.95E+00  5.13E-02  1.05E-01  3.00E+00  2.29E+00  7.07E-01  1.73E-01
 
   44
+        5.00E+00  0.00E+00  0.00E+00  0.00E+00  0.00E+00  0.00E+00 -0.00E+00  0.00E+00  0.00E+00  0.00E+00  0.00E+00
 
   45
+        5.00E+00  3.00E+00  1.11E+01  1.06E+01  1.06E+01  5.31E-01  3.02E-01  1.11E+01  1.08E+01  3.37E-01  1.68E-01
 
   46
+        5.00E+00  6.00E+00  1.19E+01  1.12E+01  1.12E+01  7.39E-01  3.99E-01  1.19E+01  1.15E+01  3.88E-01  2.29E-01
 
   47
+        5.00E+00  9.00E+00  9.80E+00  1.08E+01  1.08E+01 -9.89E-01 -5.52E-01  9.80E+00  1.11E+01 -1.29E+00 -6.76E-01
 
   48
+        5.00E+00  1.20E+01  1.10E+01  1.03E+01  1.03E+01  6.59E-01  3.84E-01  1.10E+01  1.06E+01  4.47E-01  2.54E-01
 
   49
+        5.00E+00  2.40E+01  8.50E+00  8.69E+00  8.69E+00 -1.93E-01 -1.33E-01  8.50E+00  8.59E+00 -9.42E-02 -1.74E-01
 
   50
+        5.00E+00  3.60E+01  7.60E+00  7.31E+00  7.31E+00  2.94E-01  2.42E-01  7.60E+00  7.00E+00  6.03E-01  2.75E-01
 
   51
+        5.00E+00  4.80E+01  5.40E+00  6.14E+00  6.14E+00 -7.41E-01 -7.26E-01  5.40E+00  5.70E+00 -2.97E-01 -6.89E-01
 
1

 LINE NO.ID        TIME      DV        IPRED     Y         IRES      IWRES     DV        PRED      RES       WRES     
 
   52
+        5.00E+00  7.20E+01  4.50E+00  4.34E+00  4.34E+00  1.62E-01  2.24E-01  4.50E+00  3.78E+00  7.23E-01  3.92E-01
 
   53
+        5.00E+00  9.60E+01  3.30E+00  3.06E+00  3.06E+00  2.35E-01  4.62E-01  3.30E+00  2.50E+00  7.96E-01  7.02E-01
 
   54
+        5.00E+00  1.20E+02  2.30E+00  2.17E+00  2.17E+00  1.35E-01  3.75E-01  2.30E+00  1.66E+00  6.40E-01  6.32E-01
 
   55
+        6.00E+00  0.00E+00  0.00E+00  0.00E+00  0.00E+00  0.00E+00 -0.00E+00  0.00E+00  0.00E+00  0.00E+00  0.00E+00
 
   56
+        6.00E+00  6.00E+00  8.60E+00  9.91E+00  9.91E+00 -1.31E+00 -7.97E-01  8.60E+00  1.17E+01 -3.05E+00 -1.12E+00
 
   57
+        6.00E+00  1.20E+01  8.60E+00  9.11E+00  9.11E+00 -5.11E-01 -3.38E-01  8.60E+00  1.08E+01 -2.24E+00 -7.33E-01
 
   58
+        6.00E+00  2.40E+01  7.00E+00  7.48E+00  7.48E+00 -4.80E-01 -3.86E-01  7.00E+00  9.10E+00 -2.10E+00 -7.46E-01
 
   59
+        6.00E+00  3.60E+01  5.70E+00  6.14E+00  6.14E+00 -4.39E-01 -4.31E-01  5.70E+00  7.63E+00 -1.93E+00 -7.46E-01
 
   60
+        6.00E+00  4.80E+01  4.70E+00  5.04E+00  5.04E+00 -3.39E-01 -4.05E-01  4.70E+00  6.40E+00 -1.70E+00 -6.83E-01
 
   61
+        6.00E+00  7.20E+01  3.30E+00  3.40E+00  3.40E+00 -9.51E-02 -1.69E-01  3.30E+00  4.51E+00 -1.21E+00 -4.15E-01
 
   62
+        6.00E+00  9.60E+01  2.30E+00  2.29E+00  2.29E+00  1.27E-02  3.34E-02  2.30E+00  3.17E+00 -8.74E-01 -1.90E-01
 
   63
+        6.00E+00  1.20E+02  1.70E+00  1.54E+00  1.54E+00  1.59E-01  6.21E-01  1.70E+00  2.23E+00 -5.35E-01  2.51E-01
 
   64
+        7.00E+00  0.00E+00  0.00E+00  0.00E+00  0.00E+00  0.00E+00 -0.00E+00  0.00E+00  0.00E+00  0.00E+00  0.00E+00
 
   65
+        7.00E+00  3.00E+00  1.34E+01  1.17E+01  1.17E+01  1.73E+00  8.94E-01  1.34E+01  1.08E+01  2.60E+00  1.02E+00
 
   66
+        7.00E+00  6.00E+00  1.24E+01  1.13E+01  1.13E+01  1.07E+00  5.66E-01  1.24E+01  1.16E+01  7.99E-01  4.63E-01
 
   67
+        7.00E+00  9.00E+00  1.27E+01  1.04E+01  1.04E+01  2.28E+00  1.32E+00  1.27E+01  1.12E+01  1.47E+00  1.02E+00
 
   68
+        7.00E+00  1.20E+01  8.80E+00  9.55E+00  9.55E+00 -7.51E-01 -4.73E-01  8.80E+00  1.07E+01 -1.94E+00 -7.33E-01
 
   69
+        7.00E+00  2.40E+01  6.10E+00  6.73E+00  6.73E+00 -6.33E-01 -5.66E-01  6.10E+00  8.92E+00 -2.82E+00 -1.10E+00
 
   70
+        7.00E+00  3.60E+01  3.50E+00  4.75E+00  4.75E+00 -1.25E+00 -1.58E+00  3.50E+00  7.41E+00 -3.91E+00 -1.87E+00
 
   71
+        7.00E+00  4.80E+01  1.80E+00  3.35E+00  3.35E+00 -1.55E+00 -2.78E+00  1.80E+00  6.15E+00 -4.35E+00 -2.39E+00
 
   72
+        7.00E+00  7.20E+01  1.50E+00  1.66E+00  1.66E+00 -1.63E-01 -5.90E-01  1.50E+00  4.24E+00 -2.74E+00 -8.81E-01
 
   73
+        7.00E+00  9.60E+01  1.00E+00  8.26E-01  8.26E-01  1.74E-01  1.27E+00  1.00E+00  2.93E+00 -1.93E+00  2.30E-01
 
   74
+        7.00E+00  1.20E+02  0.00E+00  4.11E-01  4.11E-01 -4.11E-01 -6.02E+00  0.00E+00  2.02E+00  0.00E+00  0.00E+00
 
   75
+        8.00E+00  0.00E+00  0.00E+00  0.00E+00  0.00E+00  0.00E+00 -0.00E+00  0.00E+00  0.00E+00  0.00E+00  0.00E+00
 
   76
+        8.00E+00  2.00E+00  1.76E+01  1.38E+01  1.38E+01  3.80E+00  1.66E+00  1.76E+01  9.41E+00  8.19E+00  2.34E+00
 
   77
+        8.00E+00  3.00E+00  1.73E+01  1.42E+01  1.42E+01  3.06E+00  1.30E+00  1.73E+01  1.08E+01  6.47E+00  1.65E+00
 
1

 LINE NO.ID        TIME      DV        IPRED     Y         IRES      IWRES     DV        PRED      RES       WRES     
 
   78
+        8.00E+00  6.00E+00  1.50E+01  1.37E+01  1.37E+01  1.32E+00  5.79E-01  1.50E+01  1.17E+01  3.32E+00  9.18E-01
 
   79
+        8.00E+00  9.00E+00  1.50E+01  1.29E+01  1.29E+01  2.05E+00  9.54E-01  1.50E+01  1.14E+01  3.64E+00  1.42E+00
 
   80
+        8.00E+00  1.20E+01  1.24E+01  1.22E+01  1.22E+01  1.52E-01  7.46E-02  1.24E+01  1.09E+01  1.49E+00  4.12E-01
 
   81
+        8.00E+00  2.40E+01  7.90E+00  9.81E+00  9.81E+00 -1.91E+00 -1.17E+00  7.90E+00  9.23E+00 -1.33E+00 -1.07E+00
 
   82
+        8.00E+00  3.60E+01  7.90E+00  7.85E+00  7.85E+00  4.59E-02  3.52E-02  7.90E+00  7.80E+00  9.98E-02  8.26E-02
 
   83
+        8.00E+00  4.80E+01  5.10E+00  6.29E+00  6.29E+00 -1.19E+00 -1.14E+00  5.10E+00  6.59E+00 -1.49E+00 -1.11E+00
 
   84
+        8.00E+00  7.20E+01  3.60E+00  4.03E+00  4.03E+00 -4.33E-01 -6.46E-01  3.60E+00  4.71E+00 -1.11E+00 -6.55E-01
 
   85
+        8.00E+00  9.60E+01  2.40E+00  2.59E+00  2.59E+00 -1.86E-01 -4.33E-01  2.40E+00  3.37E+00 -9.70E-01 -4.16E-01
 
   86
+        8.00E+00  1.20E+02  2.00E+00  1.66E+00  1.66E+00  3.42E-01  1.24E+00  2.00E+00  2.41E+00 -4.09E-01  7.67E-01
 
   87
+        9.00E+00  0.00E+00  0.00E+00  0.00E+00  0.00E+00  0.00E+00 -0.00E+00  0.00E+00  0.00E+00  0.00E+00  0.00E+00
 
   88
+        9.00E+00  5.00E-01  0.00E+00  0.00E+00  0.00E+00  0.00E+00 -0.00E+00  0.00E+00  0.00E+00  0.00E+00  0.00E+00
 
   89
+        9.00E+00  1.00E+00  1.00E+00  2.53E+00  2.53E+00 -1.53E+00 -3.64E+00  1.00E+00  3.75E+00 -2.75E+00 -1.90E+00
 
   90
+        9.00E+00  2.00E+00  4.60E+00  6.22E+00  6.22E+00 -1.62E+00 -1.57E+00  4.60E+00  8.16E+00 -3.56E+00 -1.38E+00
 
   91
+        9.00E+00  3.00E+00  1.27E+01  8.60E+00  8.60E+00  4.10E+00  2.87E+00  1.27E+01  1.02E+01  2.47E+00  2.03E+00
 
   92
+        9.00E+00  3.00E+00  8.00E+00  8.60E+00  8.60E+00 -6.02E-01 -4.21E-01  8.00E+00  1.02E+01 -2.23E+00 -6.79E-01
 
   93
+        9.00E+00  6.00E+00  1.27E+01  1.16E+01  1.16E+01  1.14E+00  5.93E-01  1.27E+01  1.16E+01  1.12E+00  5.22E-01
 
   94
+        9.00E+00  6.00E+00  1.15E+01  1.16E+01  1.16E+01 -6.09E-02 -3.17E-02  1.15E+01  1.16E+01 -7.89E-02 -9.85E-02
 
   95
+        9.00E+00  9.00E+00  1.29E+01  1.19E+01  1.19E+01  9.99E-01  5.06E-01  1.29E+01  1.12E+01  1.65E+00  6.81E-01
 
   96
+        9.00E+00  9.00E+00  1.14E+01  1.19E+01  1.19E+01 -5.01E-01 -2.53E-01  1.14E+01  1.12E+01  1.50E-01 -1.18E-01
 
   97
+        9.00E+00  1.20E+01  1.14E+01  1.15E+01  1.15E+01 -8.07E-02 -4.23E-02  1.14E+01  1.07E+01  6.58E-01  1.60E-01
 
   98
+        9.00E+00  1.20E+01  1.10E+01  1.15E+01  1.15E+01 -4.81E-01 -2.52E-01  1.10E+01  1.07E+01  2.58E-01 -6.30E-02
 
   99
+        9.00E+00  2.40E+01  9.10E+00  8.99E+00  8.99E+00  1.07E-01  7.13E-02  9.10E+00  8.85E+00  2.52E-01  6.91E-02
 
  100
+        9.00E+00  3.60E+01  8.20E+00  6.95E+00  6.95E+00  1.25E+00  1.08E+00  8.20E+00  7.28E+00  9.16E-01  7.85E-01
 
  101
+        9.00E+00  4.80E+01  5.90E+00  5.38E+00  5.38E+00  5.24E-01  5.87E-01  5.90E+00  6.00E+00 -9.75E-02  1.04E-01
 
  102
+        9.00E+00  7.20E+01  3.60E+00  3.21E+00  3.21E+00  3.87E-01  7.24E-01  3.60E+00  4.07E+00 -4.65E-01 -7.53E-02
 
  103
+        9.00E+00  9.60E+01  1.70E+00  1.92E+00  1.92E+00 -2.21E-01 -6.92E-01  1.70E+00  2.76E+00 -1.06E+00 -1.12E+00
 
1

 LINE NO.ID        TIME      DV        IPRED     Y         IRES      IWRES     DV        PRED      RES       WRES     
 
  104
+        9.00E+00  1.20E+02  1.10E+00  1.15E+00  1.15E+00 -4.80E-02 -2.52E-01  1.10E+00  1.87E+00 -7.68E-01 -7.35E-01
 
  105
+        1.00E+01  0.00E+00  0.00E+00  0.00E+00  0.00E+00  0.00E+00 -0.00E+00  0.00E+00  0.00E+00  0.00E+00  0.00E+00
 
  106
+        1.00E+01  2.40E+01  8.60E+00  8.90E+00  8.90E+00 -3.05E-01 -2.06E-01  8.60E+00  9.04E+00 -4.39E-01 -3.01E-01
 
  107
+        1.00E+01  3.60E+01  8.00E+00  7.60E+00  7.60E+00  3.98E-01  3.16E-01  8.00E+00  7.56E+00  4.40E-01  2.75E-01
 
  108
+        1.00E+01  4.80E+01  6.00E+00  6.49E+00  6.49E+00 -4.89E-01 -4.54E-01  6.00E+00  6.32E+00 -3.22E-01 -4.45E-01
 
  109
+        1.00E+01  7.20E+01  4.40E+00  4.73E+00  4.73E+00 -3.29E-01 -4.19E-01  4.40E+00  4.42E+00 -2.22E-02 -3.42E-01
 
  110
+        1.00E+01  9.60E+01  3.60E+00  3.45E+00  3.45E+00  1.54E-01  2.68E-01  3.60E+00  3.09E+00  5.07E-01  4.17E-01
 
  111
+        1.00E+01  1.20E+02  2.80E+00  2.51E+00  2.51E+00  2.88E-01  6.92E-01  2.80E+00  2.16E+00  6.36E-01  8.87E-01
 
  112
+        1.20E+01  0.00E+00  0.00E+00  0.00E+00  0.00E+00  0.00E+00 -0.00E+00  0.00E+00  0.00E+00  0.00E+00  0.00E+00
 
  113
+        1.20E+01  1.50E+00  1.14E+01  1.10E+01  1.10E+01  3.91E-01  2.14E-01  1.14E+01  8.17E+00  3.23E+00  5.09E-01
 
  114
+        1.20E+01  3.00E+00  1.54E+01  1.34E+01  1.34E+01  2.00E+00  9.00E-01  1.54E+01  1.08E+01  4.58E+00  1.35E+00
 
  115
+        1.20E+01  6.00E+00  1.75E+01  1.36E+01  1.36E+01  3.94E+00  1.75E+00  1.75E+01  1.17E+01  5.84E+00  2.31E+00
 
  116
+        1.20E+01  1.20E+01  1.40E+01  1.24E+01  1.24E+01  1.60E+00  7.75E-01  1.40E+01  1.09E+01  3.13E+00  1.17E+00
 
  117
+        1.20E+01  2.40E+01  9.00E+00  1.03E+01  1.03E+01 -1.30E+00 -7.60E-01  9.00E+00  9.16E+00 -1.57E-01 -6.11E-01
 
  118
+        1.20E+01  3.60E+01  8.90E+00  8.55E+00  8.55E+00  3.46E-01  2.44E-01  8.90E+00  7.71E+00  1.19E+00  4.59E-01
 
  119
+        1.20E+01  4.80E+01  6.60E+00  7.10E+00  7.10E+00 -5.04E-01 -4.27E-01  6.60E+00  6.49E+00  1.05E-01 -3.08E-01
 
  120
+        1.20E+01  7.20E+01  4.20E+00  4.90E+00  4.90E+00 -6.99E-01 -8.59E-01  4.20E+00  4.61E+00 -4.06E-01 -7.89E-01
 
  121
+        1.20E+01  9.60E+01  3.60E+00  3.38E+00  3.38E+00  2.21E-01  3.94E-01  3.60E+00  3.27E+00  3.33E-01  4.44E-01
 
  122
+        1.20E+01  1.20E+02  2.60E+00  2.33E+00  2.33E+00  2.70E-01  6.97E-01  2.60E+00  2.32E+00  2.83E-01  6.75E-01
 
  123
+        1.30E+01  0.00E+00  0.00E+00  0.00E+00  0.00E+00  0.00E+00 -0.00E+00  0.00E+00  0.00E+00  0.00E+00  0.00E+00
 
  124
+        1.30E+01  1.50E+00  6.00E-01  6.80E+00  6.80E+00 -6.20E+00 -5.49E+00  6.00E-01  8.17E+00 -7.57E+00 -2.90E+00
 
  125
+        1.30E+01  6.00E+00  1.38E+01  1.24E+01  1.24E+01  1.39E+00  6.72E-01  1.38E+01  1.17E+01  2.15E+00  1.05E+00
 
  126
+        1.30E+01  9.00E+00  1.50E+01  1.25E+01  1.25E+01  2.46E+00  1.18E+00  1.50E+01  1.13E+01  3.69E+00  1.66E+00
 
  127
+        1.30E+01  2.40E+01  1.05E+01  9.89E+00  9.89E+00  6.06E-01  3.69E-01  1.05E+01  9.10E+00  1.40E+00  5.97E-01
 
  128
+        1.30E+01  3.60E+01  9.10E+00  8.03E+00  8.03E+00  1.07E+00  7.98E-01  9.10E+00  7.63E+00  1.47E+00  8.59E-01
 
  129
+        1.30E+01  4.80E+01  6.60E+00  6.52E+00  6.52E+00  7.55E-02  6.97E-02  6.60E+00  6.40E+00  1.95E-01 -5.00E-02
 
1

 LINE NO.ID        TIME      DV        IPRED     Y         IRES      IWRES     DV        PRED      RES       WRES     
 
  130
+        1.30E+01  7.20E+01  4.90E+00  4.30E+00  4.30E+00  5.98E-01  8.36E-01  4.90E+00  4.51E+00  3.91E-01  4.32E-01
 
  131
+        1.30E+01  9.60E+01  2.40E+00  2.84E+00  2.84E+00 -4.37E-01 -9.28E-01  2.40E+00  3.17E+00 -7.74E-01 -1.25E+00
 
  132
+        1.30E+01  1.20E+02  1.90E+00  1.87E+00  1.87E+00  2.92E-02  9.40E-02  1.90E+00  2.23E+00 -3.35E-01 -4.44E-01
 
  133
+        1.40E+01  0.00E+00  0.00E+00  0.00E+00  0.00E+00  0.00E+00 -0.00E+00  0.00E+00  0.00E+00  0.00E+00  0.00E+00
 
  134
+        1.40E+01  5.00E-01  0.00E+00  0.00E+00  0.00E+00  0.00E+00 -0.00E+00  0.00E+00  0.00E+00  0.00E+00  0.00E+00
 
  135
+        1.40E+01  1.50E+00  3.60E+00  5.90E+00  5.90E+00 -2.30E+00 -2.35E+00  3.60E+00  6.37E+00 -2.77E+00 -1.95E+00
 
  136
+        1.40E+01  2.00E+00  0.00E+00  7.66E+00  7.66E+00 -7.66E+00 -6.02E+00  0.00E+00  8.17E+00  0.00E+00  0.00E+00
 
  137
+        1.40E+01  3.00E+00  1.29E+01  9.77E+00  9.77E+00  3.13E+00  1.93E+00  1.29E+01  1.03E+01  2.64E+00  1.77E+00
 
  138
+        1.40E+01  6.00E+00  1.29E+01  1.13E+01  1.13E+01  1.59E+00  8.47E-01  1.29E+01  1.17E+01  1.24E+00  7.61E-01
 
  139
+        1.40E+01  9.00E+00  1.02E+01  1.10E+01  1.10E+01 -7.83E-01 -4.29E-01  1.02E+01  1.14E+01 -1.18E+00 -4.94E-01
 
  140
+        1.40E+01  2.40E+01  6.40E+00  8.29E+00  8.29E+00 -1.89E+00 -1.37E+00  6.40E+00  9.16E+00 -2.76E+00 -1.46E+00
 
  141
+        1.40E+01  3.60E+01  6.90E+00  6.59E+00  6.59E+00  3.14E-01  2.87E-01  6.90E+00  7.69E+00 -7.90E-01 -7.36E-02
 
  142
+        1.40E+01  4.80E+01  4.50E+00  5.24E+00  5.24E+00 -7.35E-01 -8.45E-01  4.50E+00  6.45E+00 -1.95E+00 -1.05E+00
 
  143
+        1.40E+01  7.20E+01  3.20E+00  3.31E+00  3.31E+00 -1.08E-01 -1.96E-01  3.20E+00  4.54E+00 -1.34E+00 -5.33E-01
 
  144
+        1.40E+01  9.60E+01  2.40E+00  2.09E+00  2.09E+00  3.10E-01  8.93E-01  2.40E+00  3.20E+00 -7.98E-01  2.14E-01
 
  145
+        1.40E+01  1.20E+02  1.30E+00  1.32E+00  1.32E+00 -2.06E-02 -9.37E-02  1.30E+00  2.25E+00 -9.51E-01 -2.71E-01
 
  146
+        1.50E+01  0.00E+00  0.00E+00  0.00E+00  0.00E+00  0.00E+00 -0.00E+00  0.00E+00  0.00E+00  0.00E+00  0.00E+00
 
  147
+        1.50E+01  5.00E-01  0.00E+00  0.00E+00  0.00E+00  0.00E+00 -0.00E+00  0.00E+00  0.00E+00  0.00E+00  0.00E+00
 
  148
+        1.50E+01  1.00E+00  2.70E+00  4.23E+00  4.23E+00 -1.53E+00 -2.18E+00  2.70E+00  3.75E+00 -1.05E+00 -2.23E+00
 
  149
+        1.50E+01  2.00E+00  1.16E+01  8.83E+00  8.83E+00  2.77E+00  1.88E+00  1.16E+01  8.16E+00  3.44E+00  1.96E+00
 
  150
+        1.50E+01  3.00E+00  1.16E+01  1.07E+01  1.07E+01  8.76E-01  4.92E-01  1.16E+01  1.02E+01  1.37E+00  5.26E-01
 
  151
+        1.50E+01  6.00E+00  1.13E+01  1.14E+01  1.14E+01 -1.20E-01 -6.32E-02  1.13E+01  1.16E+01 -2.79E-01 -7.00E-02
 
  152
+        1.50E+01  9.00E+00  9.70E+00  1.07E+01  1.07E+01 -9.83E-01 -5.54E-01  9.70E+00  1.12E+01 -1.55E+00 -6.15E-01
 
  153
+        1.50E+01  2.40E+01  6.50E+00  7.18E+00  7.18E+00 -6.78E-01 -5.69E-01  6.50E+00  8.85E+00 -2.35E+00 -9.79E-01
 
  154
+        1.50E+01  3.60E+01  5.20E+00  5.22E+00  5.22E+00 -1.64E-02 -1.89E-02  5.20E+00  7.28E+00 -2.08E+00 -7.52E-01
 
  155
+        1.50E+01  4.80E+01  3.60E+00  3.79E+00  3.79E+00 -1.91E-01 -3.03E-01  3.60E+00  6.00E+00 -2.40E+00 -1.04E+00
 
1

 LINE NO.ID        TIME      DV        IPRED     Y         IRES      IWRES     DV        PRED      RES       WRES     
 
  156
+        1.50E+01  7.20E+01  2.40E+00  2.00E+00  2.00E+00  3.98E-01  1.20E+00  2.40E+00  4.07E+00 -1.67E+00 -2.64E-01
 
  157
+        1.50E+01  9.60E+01  9.00E-01  1.06E+00  1.06E+00 -1.57E-01 -8.96E-01  9.00E-01  2.76E+00 -1.86E+00 -8.74E-01
 
  158
+        1.50E+01  1.20E+02  0.00E+00  5.58E-01  5.58E-01 -5.58E-01 -6.02E+00  0.00E+00  1.87E+00  0.00E+00  0.00E+00
 
  159
+        1.60E+01  0.00E+00  0.00E+00  0.00E+00  0.00E+00  0.00E+00 -0.00E+00  0.00E+00  0.00E+00  0.00E+00  0.00E+00
 
  160
+        1.60E+01  1.00E+00  6.60E+00  6.54E+00  6.54E+00  6.05E-02  5.57E-02  6.60E+00  6.36E+00  2.44E-01 -5.80E-02
 
  161
+        1.60E+01  3.00E+00  1.19E+01  1.10E+01  1.10E+01  8.97E-01  4.91E-01  1.19E+01  1.08E+01  1.11E+00  4.61E-01
 
  162
+        1.60E+01  6.00E+00  1.17E+01  1.18E+01  1.18E+01 -6.60E-02 -3.38E-02  1.17E+01  1.16E+01  1.18E-01 -3.19E-02
 
  163
+        1.60E+01  9.00E+00  1.22E+01  1.14E+01  1.14E+01  8.15E-01  4.31E-01  1.22E+01  1.12E+01  9.96E-01  4.45E-01
 
  164
+        1.60E+01  2.40E+01  8.10E+00  9.08E+00  9.08E+00 -9.81E-01 -6.50E-01  8.10E+00  8.87E+00 -7.71E-01 -6.63E-01
 
  165
+        1.60E+01  3.60E+01  7.40E+00  7.57E+00  7.57E+00 -1.68E-01 -1.34E-01  7.40E+00  7.35E+00  5.24E-02 -1.52E-01
 
  166
+        1.60E+01  4.80E+01  6.80E+00  6.31E+00  6.31E+00  4.93E-01  4.70E-01  6.80E+00  6.09E+00  7.14E-01  4.46E-01
 
  167
+        1.60E+01  7.20E+01  5.30E+00  4.38E+00  4.38E+00  9.19E-01  1.26E+00  5.30E+00  4.18E+00  1.12E+00  1.20E+00
 
  168
+        1.60E+01  9.60E+01  3.00E+00  3.04E+00  3.04E+00 -4.27E-02 -8.45E-02  3.00E+00  2.86E+00  1.35E-01 -1.94E-01
 
  169
+        1.60E+01  1.20E+02  2.00E+00  2.11E+00  2.11E+00 -1.13E-01 -3.23E-01  2.00E+00  1.97E+00  3.47E-02 -4.54E-01
 
  170
+        1.70E+01  0.00E+00  0.00E+00  0.00E+00  0.00E+00  0.00E+00 -0.00E+00  0.00E+00  0.00E+00  0.00E+00  0.00E+00
 
  171
+        1.70E+01  2.40E+01  1.04E+01  9.47E+00  9.47E+00  9.35E-01  5.95E-01  1.04E+01  8.89E+00  1.51E+00  7.23E-01
 
  172
+        1.70E+01  3.60E+01  8.90E+00  7.92E+00  7.92E+00  9.84E-01  7.49E-01  8.90E+00  7.37E+00  1.53E+00  8.58E-01
 
  173
+        1.70E+01  4.80E+01  7.00E+00  6.62E+00  6.62E+00  3.80E-01  3.46E-01  7.00E+00  6.11E+00  8.85E-01  3.99E-01
 
  174
+        1.70E+01  7.20E+01  4.40E+00  4.63E+00  4.63E+00 -2.30E-01 -2.99E-01  4.40E+00  4.20E+00  1.96E-01 -3.49E-01
 
  175
+        1.70E+01  9.60E+01  3.20E+00  3.24E+00  3.24E+00 -3.79E-02 -7.05E-02  3.20E+00  2.89E+00  3.10E-01 -1.61E-01
 
  176
+        1.70E+01  1.20E+02  2.40E+00  2.26E+00  2.26E+00  1.35E-01  3.60E-01  2.40E+00  1.99E+00  4.13E-01  2.38E-01
 
  177
+        1.80E+01  0.00E+00  0.00E+00  0.00E+00  0.00E+00  0.00E+00 -0.00E+00  0.00E+00  0.00E+00  0.00E+00  0.00E+00
 
  178
+        1.80E+01  2.40E+01  7.60E+00  8.43E+00  8.43E+00 -8.25E-01 -5.90E-01  7.60E+00  9.12E+00 -1.52E+00 -7.56E-01
 
  179
+        1.80E+01  3.60E+01  6.40E+00  7.02E+00  7.02E+00 -6.22E-01 -5.33E-01  6.40E+00  7.66E+00 -1.26E+00 -6.86E-01
 
  180
+        1.80E+01  4.80E+01  6.00E+00  5.85E+00  5.85E+00  1.47E-01  1.52E-01  6.00E+00  6.44E+00 -4.40E-01 -5.27E-02
 
  181
+        1.80E+01  7.20E+01  4.00E+00  4.07E+00  4.07E+00 -6.56E-02 -9.71E-02  4.00E+00  4.55E+00 -5.48E-01 -2.46E-01
 
1

 LINE NO.ID        TIME      DV        IPRED     Y         IRES      IWRES     DV        PRED      RES       WRES     
 
  182
+        1.80E+01  9.60E+01  3.10E+00  2.82E+00  2.82E+00  2.76E-01  5.88E-01  3.10E+00  3.21E+00 -1.12E-01  3.46E-01
 
  183
+        1.80E+01  1.20E+02  2.00E+00  1.96E+00  1.96E+00  3.82E-02  1.17E-01  2.00E+00  2.27E+00 -2.68E-01 -3.56E-02
 
  184
+        1.90E+01  0.00E+00  0.00E+00  0.00E+00  0.00E+00  0.00E+00 -0.00E+00  0.00E+00  0.00E+00  0.00E+00  0.00E+00
 
  185
+        1.90E+01  2.40E+01  7.60E+00  8.16E+00  8.16E+00 -5.60E-01 -4.13E-01  7.60E+00  9.08E+00 -1.48E+00 -6.00E-01
 
  186
+        1.90E+01  3.60E+01  6.60E+00  6.23E+00  6.23E+00  3.69E-01  3.56E-01  6.60E+00  7.62E+00 -1.02E+00 -1.84E-01
 
  187
+        1.90E+01  4.80E+01  5.40E+00  4.76E+00  4.76E+00  6.42E-01  8.12E-01  5.40E+00  6.39E+00 -9.91E-01 -4.88E-02
 
  188
+        1.90E+01  7.20E+01  3.40E+00  2.77E+00  2.77E+00  6.25E-01  1.36E+00  3.40E+00  4.50E+00 -1.10E+00  9.59E-03
 
  189
+        1.90E+01  9.60E+01  1.20E+00  1.62E+00  1.62E+00 -4.18E-01 -1.56E+00  1.20E+00  3.16E+00 -1.96E+00 -1.50E+00
 
  190
+        1.90E+01  1.20E+02  9.00E-01  9.44E-01  9.44E-01 -4.35E-02 -2.78E-01  9.00E-01  2.23E+00 -1.33E+00 -6.65E-01
 
  191
+        2.00E+01  0.00E+00  0.00E+00  0.00E+00  0.00E+00  0.00E+00 -0.00E+00  0.00E+00  0.00E+00  0.00E+00  0.00E+00
 
  192
+        2.00E+01  2.40E+01  6.60E+00  7.26E+00  7.26E+00 -6.56E-01 -5.44E-01  6.60E+00  8.96E+00 -2.36E+00 -9.44E-01
 
  193
+        2.00E+01  3.60E+01  5.30E+00  5.63E+00  5.63E+00 -3.30E-01 -3.53E-01  5.30E+00  7.46E+00 -2.16E+00 -8.26E-01
 
  194
+        2.00E+01  4.80E+01  3.60E+00  4.37E+00  4.37E+00 -7.68E-01 -1.06E+00  3.60E+00  6.22E+00 -2.62E+00 -1.31E+00
 
  195
+        2.00E+01  7.20E+01  2.70E+00  2.63E+00  2.63E+00  7.05E-02  1.61E-01  2.70E+00  4.31E+00 -1.61E+00 -4.11E-01
 
  196
+        2.00E+01  9.60E+01  1.40E+00  1.58E+00  1.58E+00 -1.83E-01 -6.96E-01  1.40E+00  2.99E+00 -1.59E+00 -6.85E-01
 
  197
+        2.00E+01  1.20E+02  1.10E+00  9.53E-01  9.53E-01  1.47E-01  9.29E-01  1.10E+00  2.07E+00 -9.73E-01  2.69E-01
 
  198
+        2.10E+01  0.00E+00  0.00E+00  0.00E+00  0.00E+00  0.00E+00 -0.00E+00  0.00E+00  0.00E+00  0.00E+00  0.00E+00
 
  199
+        2.10E+01  2.40E+01  9.60E+00  9.33E+00  9.33E+00  2.71E-01  1.75E-01  9.60E+00  8.91E+00  6.93E-01  2.42E-01
 
  200
+        2.10E+01  3.60E+01  8.00E+00  7.88E+00  7.88E+00  1.22E-01  9.33E-02  8.00E+00  7.39E+00  6.08E-01  1.51E-01
 
  201
+        2.10E+01  4.80E+01  6.60E+00  6.65E+00  6.65E+00 -5.28E-02 -4.78E-02  6.60E+00  6.13E+00  4.66E-01 -1.25E-02
 
  202
+        2.10E+01  7.20E+01  5.60E+00  4.74E+00  4.74E+00  8.56E-01  1.09E+00  5.60E+00  4.22E+00  1.38E+00  1.17E+00
 
  203
+        2.10E+01  9.60E+01  3.50E+00  3.38E+00  3.38E+00  1.17E-01  2.07E-01  3.50E+00  2.91E+00  5.91E-01  1.77E-01
 
  204
+        2.10E+01  1.20E+02  2.30E+00  2.41E+00  2.41E+00 -1.13E-01 -2.82E-01  2.30E+00  2.00E+00  2.97E-01 -3.92E-01
 
  205
+        2.20E+01  0.00E+00  0.00E+00  0.00E+00  0.00E+00  0.00E+00 -0.00E+00  0.00E+00  0.00E+00  0.00E+00  0.00E+00
 
  206
+        2.20E+01  2.40E+01  7.30E+00  7.83E+00  7.83E+00 -5.28E-01 -4.06E-01  7.30E+00  8.95E+00 -1.65E+00 -6.95E-01
 
  207
+        2.20E+01  3.60E+01  6.10E+00  6.42E+00  6.42E+00 -3.21E-01 -3.01E-01  6.10E+00  7.44E+00 -1.34E+00 -5.37E-01
 
1

 LINE NO.ID        TIME      DV        IPRED     Y         IRES      IWRES     DV        PRED      RES       WRES     
 
  208
+        2.20E+01  4.80E+01  4.30E+00  5.27E+00  5.27E+00 -9.67E-01 -1.11E+00  4.30E+00  6.19E+00 -1.89E+00 -1.14E+00
 
  209
+        2.20E+01  7.20E+01  3.20E+00  3.54E+00  3.54E+00 -3.44E-01 -5.85E-01  3.20E+00  4.28E+00 -1.08E+00 -5.49E-01
 
  210
+        2.20E+01  9.60E+01  2.30E+00  2.38E+00  2.38E+00 -8.49E-02 -2.14E-01  2.30E+00  2.96E+00 -6.62E-01 -1.29E-01
 
  211
+        2.20E+01  1.20E+02  1.90E+00  1.60E+00  1.60E+00  2.95E-01  1.11E+00  1.90E+00  2.05E+00 -1.49E-01  9.06E-01
 
  212
+        2.30E+01  0.00E+00  0.00E+00  0.00E+00  0.00E+00  0.00E+00 -0.00E+00  0.00E+00  0.00E+00  0.00E+00  0.00E+00
 
  213
+        2.30E+01  2.40E+01  8.90E+00  9.40E+00  9.40E+00 -4.96E-01 -3.18E-01  8.90E+00  8.89E+00  6.18E-03 -2.05E-01
 
  214
+        2.30E+01  3.60E+01  8.40E+00  7.75E+00  7.75E+00  6.55E-01  5.09E-01  8.40E+00  7.37E+00  1.03E+00  5.68E-01
 
  215
+        2.30E+01  4.80E+01  8.00E+00  6.38E+00  6.38E+00  1.62E+00  1.52E+00  8.00E+00  6.11E+00  1.89E+00  1.52E+00
 
  216
+        2.30E+01  7.20E+01  4.40E+00  4.34E+00  4.34E+00  6.28E-02  8.72E-02  4.40E+00  4.20E+00  1.96E-01 -1.05E-01
 
  217
+        2.30E+01  9.60E+01  3.20E+00  2.95E+00  2.95E+00  2.53E-01  5.18E-01  3.20E+00  2.89E+00  3.10E-01  1.94E-01
 
  218
+        2.30E+01  1.20E+02  1.70E+00  2.00E+00  2.00E+00 -3.02E-01 -9.08E-01  1.70E+00  1.99E+00 -2.87E-01 -1.19E+00
 
  219
+        2.40E+01  0.00E+00  0.00E+00  0.00E+00  0.00E+00  0.00E+00 -0.00E+00  0.00E+00  0.00E+00  0.00E+00  0.00E+00
 
  220
+        2.40E+01  2.40E+01  9.80E+00  9.28E+00  9.28E+00  5.17E-01  3.35E-01  9.80E+00  9.08E+00  7.22E-01  3.43E-01
 
  221
+        2.40E+01  3.60E+01  8.40E+00  7.80E+00  7.80E+00  6.04E-01  4.67E-01  8.40E+00  7.61E+00  7.92E-01  4.52E-01
 
  222
+        2.40E+01  4.80E+01  6.60E+00  6.55E+00  6.55E+00  5.33E-02  4.91E-02  6.60E+00  6.38E+00  2.24E-01  4.15E-03
 
  223
+        2.40E+01  7.20E+01  4.80E+00  4.62E+00  4.62E+00  1.83E-01  2.39E-01  4.80E+00  4.48E+00  3.22E-01  1.46E-01
 
  224
+        2.40E+01  9.60E+01  3.20E+00  3.26E+00  3.26E+00 -5.59E-02 -1.03E-01  3.20E+00  3.14E+00  5.51E-02 -2.33E-01
 
  225
+        2.40E+01  1.20E+02  2.40E+00  2.30E+00  2.30E+00  1.04E-01  2.72E-01  2.40E+00  2.21E+00  1.91E-01  9.05E-02
 
  226
+        2.50E+01  0.00E+00  0.00E+00  0.00E+00  0.00E+00  0.00E+00 -0.00E+00  0.00E+00  0.00E+00  0.00E+00  0.00E+00
 
  227
+        2.50E+01  2.40E+01  8.20E+00  9.12E+00  9.12E+00 -9.18E-01 -6.06E-01  8.20E+00  9.10E+00 -9.04E-01 -6.78E-01
 
  228
+        2.50E+01  3.60E+01  7.50E+00  8.02E+00  8.02E+00 -5.19E-01 -3.90E-01  7.50E+00  7.64E+00 -1.45E-01 -3.83E-01
 
  229
+        2.50E+01  4.80E+01  6.80E+00  7.05E+00  7.05E+00 -2.53E-01 -2.16E-01  6.80E+00  6.42E+00  3.81E-01 -1.29E-01
 
  230
+        2.50E+01  7.20E+01  5.50E+00  5.46E+00  5.46E+00  4.45E-02  4.91E-02  5.50E+00  4.53E+00  9.73E-01  2.88E-01
 
  231
+        2.50E+01  9.60E+01  4.50E+00  4.22E+00  4.22E+00  2.80E-01  4.00E-01  4.50E+00  3.19E+00  1.31E+00  8.22E-01
 
  232
+        2.50E+01  1.20E+02  3.70E+00  3.26E+00  3.26E+00  4.36E-01  8.04E-01  3.70E+00  2.25E+00  1.45E+00  1.47E+00
 
  233
+        2.60E+01  0.00E+00  0.00E+00  0.00E+00  0.00E+00  0.00E+00 -0.00E+00  0.00E+00  0.00E+00  0.00E+00  0.00E+00
 
1

 LINE NO.ID        TIME      DV        IPRED     Y         IRES      IWRES     DV        PRED      RES       WRES     
 
  234
+        2.60E+01  2.40E+01  1.10E+01  1.02E+01  1.02E+01  7.94E-01  4.69E-01  1.10E+01  9.08E+00  1.92E+00  7.69E-01
 
  235
+        2.60E+01  3.60E+01  1.00E+01  8.66E+00  8.66E+00  1.34E+00  9.29E-01  1.00E+01  7.62E+00  2.38E+00  1.22E+00
 
  236
+        2.60E+01  4.80E+01  8.20E+00  7.35E+00  7.35E+00  8.46E-01  6.92E-01  8.20E+00  6.39E+00  1.81E+00  8.89E-01
 
  237
+        2.60E+01  7.20E+01  6.00E+00  5.30E+00  5.30E+00  7.01E-01  7.96E-01  6.00E+00  4.50E+00  1.50E+00  8.74E-01
 
  238
+        2.60E+01  9.60E+01  3.70E+00  3.82E+00  3.82E+00 -1.19E-01 -1.87E-01  3.70E+00  3.16E+00  5.37E-01 -3.60E-01
 
  239
+        2.60E+01  1.20E+02  2.60E+00  2.75E+00  2.75E+00 -1.52E-01 -3.32E-01  2.60E+00  2.23E+00  3.75E-01 -6.04E-01
 
  240
+        2.70E+01  0.00E+00  0.00E+00  0.00E+00  0.00E+00  0.00E+00 -0.00E+00  0.00E+00  0.00E+00  0.00E+00  0.00E+00
 
  241
+        2.70E+01  2.40E+01  1.00E+01  9.61E+00  9.61E+00  3.87E-01  2.42E-01  1.00E+01  9.14E+00  8.61E-01  3.19E-01
 
  242
+        2.70E+01  3.60E+01  9.00E+00  8.18E+00  8.18E+00  8.21E-01  6.04E-01  9.00E+00  7.69E+00  1.31E+00  6.83E-01
 
  243
+        2.70E+01  4.80E+01  7.30E+00  6.96E+00  6.96E+00  3.41E-01  2.95E-01  7.30E+00  6.47E+00  8.32E-01  3.37E-01
 
  244
+        2.70E+01  7.20E+01  5.20E+00  5.04E+00  5.04E+00  1.62E-01  1.94E-01  5.20E+00  4.58E+00  6.23E-01  1.79E-01
 
  245
+        2.70E+01  9.60E+01  3.70E+00  3.65E+00  3.65E+00  5.29E-02  8.73E-02  3.70E+00  3.24E+00  4.60E-01  1.50E-02
 
  246
+        2.70E+01  1.20E+02  2.70E+00  2.64E+00  2.64E+00  5.97E-02  1.36E-01  2.70E+00  2.29E+00  4.07E-01  2.06E-02
 
  247
+        2.80E+01  0.00E+00  0.00E+00  0.00E+00  0.00E+00  0.00E+00 -0.00E+00  0.00E+00  0.00E+00  0.00E+00  0.00E+00
 
  248
+        2.80E+01  2.40E+01  1.18E+01  9.96E+00  9.96E+00  1.84E+00  1.11E+00  1.18E+01  9.14E+00  2.66E+00  1.37E+00
 
  249
+        2.80E+01  3.60E+01  9.20E+00  8.40E+00  8.40E+00  7.98E-01  5.72E-01  9.20E+00  7.69E+00  1.51E+00  7.30E-01
 
  250
+        2.80E+01  4.80E+01  7.70E+00  7.09E+00  7.09E+00  6.12E-01  5.20E-01  7.70E+00  6.47E+00  1.23E+00  6.17E-01
 
  251
+        2.80E+01  7.20E+01  4.90E+00  5.04E+00  5.04E+00 -1.44E-01 -1.71E-01  4.90E+00  4.58E+00  3.23E-01 -2.29E-01
 
  252
+        2.80E+01  9.60E+01  3.40E+00  3.59E+00  3.59E+00 -1.89E-01 -3.17E-01  3.40E+00  3.24E+00  1.60E-01 -4.60E-01
 
  253
+        2.80E+01  1.20E+02  2.70E+00  2.55E+00  2.55E+00  1.46E-01  3.44E-01  2.70E+00  2.29E+00  4.07E-01  1.60E-01
 
  254
+        2.90E+01  0.00E+00  0.00E+00  0.00E+00  0.00E+00  0.00E+00 -0.00E+00  0.00E+00  0.00E+00  0.00E+00  0.00E+00
 
  255
+        2.90E+01  2.40E+01  1.01E+01  9.24E+00  9.24E+00  8.63E-01  5.63E-01  1.01E+01  9.14E+00  9.61E-01  5.60E-01
 
  256
+        2.90E+01  3.60E+01  8.00E+00  7.70E+00  7.70E+00  2.98E-01  2.33E-01  8.00E+00  7.69E+00  3.12E-01  1.77E-01
 
  257
+        2.90E+01  4.80E+01  6.00E+00  6.42E+00  6.42E+00 -4.23E-01 -3.97E-01  6.00E+00  6.47E+00 -4.68E-01 -4.86E-01
 
  258
+        2.90E+01  7.20E+01  4.90E+00  4.47E+00  4.47E+00  4.34E-01  5.85E-01  4.90E+00  4.58E+00  3.23E-01  3.79E-01
 
  259
+        2.90E+01  9.60E+01  3.40E+00  3.11E+00  3.11E+00  2.94E-01  5.70E-01  3.40E+00  3.24E+00  1.60E-01  2.89E-01
 
1

 LINE NO.ID        TIME      DV        IPRED     Y         IRES      IWRES     DV        PRED      RES       WRES     
 
  260
+        2.90E+01  1.20E+02  2.00E+00  2.16E+00  2.16E+00 -1.60E-01 -4.45E-01  2.00E+00  2.29E+00 -2.93E-01 -6.46E-01
 
  261
+        3.00E+01  0.00E+00  0.00E+00  0.00E+00  0.00E+00  0.00E+00 -0.00E+00  0.00E+00  0.00E+00  0.00E+00  0.00E+00
 
  262
+        3.00E+01  2.40E+01  8.30E+00  8.57E+00  8.57E+00 -2.74E-01 -1.92E-01  8.30E+00  9.32E+00 -1.02E+00 -4.11E-01
 
  263
+        3.00E+01  3.60E+01  7.00E+00  7.18E+00  7.18E+00 -1.77E-01 -1.49E-01  7.00E+00  7.92E+00 -9.17E-01 -3.70E-01
 
  264
+        3.00E+01  4.80E+01  5.60E+00  6.01E+00  6.01E+00 -4.08E-01 -4.09E-01  5.60E+00  6.73E+00 -1.13E+00 -5.94E-01
 
  265
+        3.00E+01  7.20E+01  4.10E+00  4.21E+00  4.21E+00 -1.11E-01 -1.58E-01  4.10E+00  4.86E+00 -7.60E-01 -3.50E-01
 
  266
+        3.00E+01  9.60E+01  3.10E+00  2.95E+00  2.95E+00  1.49E-01  3.04E-01  3.10E+00  3.51E+00 -4.10E-01  5.08E-02
 
  267
+        3.00E+01  1.20E+02  2.20E+00  2.07E+00  2.07E+00  1.32E-01  3.84E-01  2.20E+00  2.54E+00 -3.35E-01  1.24E-01
 
  268
+        3.10E+01  0.00E+00  0.00E+00  0.00E+00  0.00E+00  0.00E+00 -0.00E+00  0.00E+00  0.00E+00  0.00E+00  0.00E+00
 
  269
+        3.10E+01  2.40E+01  9.90E+00  9.01E+00  9.01E+00  8.88E-01  5.93E-01  9.90E+00  9.04E+00  8.61E-01  5.30E-01
 
  270
+        3.10E+01  3.60E+01  7.50E+00  7.51E+00  7.51E+00 -7.81E-03 -6.26E-03  7.50E+00  7.56E+00 -5.95E-02 -7.80E-02
 
  271
+        3.10E+01  4.80E+01  6.50E+00  6.25E+00  6.25E+00  2.45E-01  2.36E-01  6.50E+00  6.32E+00  1.78E-01  1.47E-01
 
  272
+        3.10E+01  7.20E+01  4.10E+00  4.34E+00  4.34E+00 -2.41E-01 -3.34E-01  4.10E+00  4.42E+00 -3.22E-01 -4.17E-01
 
  273
+        3.10E+01  9.60E+01  2.90E+00  3.01E+00  3.01E+00 -1.13E-01 -2.26E-01  2.90E+00  3.09E+00 -1.93E-01 -3.17E-01
 
  274
+        3.10E+01  1.20E+02  2.30E+00  2.09E+00  2.09E+00  2.09E-01  6.01E-01  2.30E+00  2.16E+00  1.36E-01  4.11E-01
 
  275
+        3.20E+01  0.00E+00  0.00E+00  0.00E+00  0.00E+00  0.00E+00 -0.00E+00  0.00E+00  0.00E+00  0.00E+00  0.00E+00
 
  276
+        3.20E+01  2.40E+01  9.50E+00  9.08E+00  9.08E+00  4.19E-01  2.78E-01  9.50E+00  9.17E+00  3.27E-01  1.95E-01
 
  277
+        3.20E+01  3.60E+01  7.80E+00  7.67E+00  7.67E+00  1.31E-01  1.03E-01  7.80E+00  7.73E+00  7.00E-02  2.56E-02
 
  278
+        3.20E+01  4.80E+01  6.40E+00  6.48E+00  6.48E+00 -7.61E-02 -7.07E-02  6.40E+00  6.51E+00 -1.14E-01 -1.44E-01
 
  279
+        3.20E+01  7.20E+01  4.50E+00  4.62E+00  4.62E+00 -1.18E-01 -1.54E-01  4.50E+00  4.63E+00 -1.26E-01 -2.25E-01
 
  280
+        3.20E+01  9.60E+01  3.40E+00  3.29E+00  3.29E+00  1.06E-01  1.94E-01  3.40E+00  3.29E+00  1.14E-01  1.01E-01
 
  281
+        3.20E+01  1.20E+02  2.50E+00  2.35E+00  2.35E+00  1.51E-01  3.87E-01  2.50E+00  2.33E+00  1.67E-01  2.63E-01
 
  282
+        3.30E+01  0.00E+00  0.00E+00  0.00E+00  0.00E+00  0.00E+00 -0.00E+00  0.00E+00  0.00E+00  0.00E+00  0.00E+00
 
  283
+        3.30E+01  2.40E+01  8.90E+00  9.03E+00  9.03E+00 -1.31E-01 -8.77E-02  8.90E+00  8.95E+00 -4.57E-02 -1.27E-01
 
  284
+        3.30E+01  3.60E+01  7.70E+00  7.64E+00  7.64E+00  6.05E-02  4.77E-02  7.70E+00  7.44E+00  2.59E-01  3.47E-02
 
  285
+        3.30E+01  4.80E+01  6.90E+00  6.46E+00  6.46E+00  4.38E-01  4.08E-01  6.90E+00  6.19E+00  7.11E-01  4.23E-01
 
1

 LINE NO.ID        TIME      DV        IPRED     Y         IRES      IWRES     DV        PRED      RES       WRES     
 
  286
+        3.30E+01  7.20E+01  4.40E+00  4.62E+00  4.62E+00 -2.24E-01 -2.91E-01  4.40E+00  4.28E+00  1.19E-01 -2.81E-01
 
  287
+        3.30E+01  9.60E+01  3.50E+00  3.31E+00  3.31E+00  1.92E-01  3.49E-01  3.50E+00  2.96E+00  5.38E-01  3.87E-01
 
  288
+        3.30E+01  1.20E+02  2.50E+00  2.37E+00  2.37E+00  1.33E-01  3.38E-01  2.50E+00  2.05E+00  4.51E-01  3.64E-01
 
1TABLE NO.  2



 LINE NO.ID        TIME      TLAG      KA        V         CL       
 
    1
+        1.00E+00  0.00E+00  5.11E-01  2.98E-01  7.77E+00  2.94E-01
 
    2
+        1.00E+00  5.00E-01  5.11E-01  2.98E-01  7.77E+00  2.94E-01
 
    3
+        1.00E+00  1.00E+00  5.11E-01  2.98E-01  7.77E+00  2.94E-01
 
    4
+        1.00E+00  2.00E+00  5.11E-01  2.98E-01  7.77E+00  2.94E-01
 
    5
+        1.00E+00  3.00E+00  5.11E-01  2.98E-01  7.77E+00  2.94E-01
 
    6
+        1.00E+00  6.00E+00  5.11E-01  2.98E-01  7.77E+00  2.94E-01
 
    7
+        1.00E+00  9.00E+00  5.11E-01  2.98E-01  7.77E+00  2.94E-01
 
    8
+        1.00E+00  1.20E+01  5.11E-01  2.98E-01  7.77E+00  2.94E-01
 
    9
+        1.00E+00  2.40E+01  5.11E-01  2.98E-01  7.77E+00  2.94E-01
 
   10
+        1.00E+00  3.60E+01  5.11E-01  2.98E-01  7.77E+00  2.94E-01
 
   11
+        1.00E+00  4.80E+01  5.11E-01  2.98E-01  7.77E+00  2.94E-01
 
   12
+        1.00E+00  7.20E+01  5.11E-01  2.98E-01  7.77E+00  2.94E-01
 
   13
+        1.00E+00  9.60E+01  5.11E-01  2.98E-01  7.77E+00  2.94E-01
 
   14
+        1.00E+00  1.20E+02  5.11E-01  2.98E-01  7.77E+00  2.94E-01
 
   15
+        2.00E+00  0.00E+00  5.11E-01  7.05E-01  7.91E+00  1.13E-01
 
   16
+        2.00E+00  2.40E+01  5.11E-01  7.05E-01  7.91E+00  1.13E-01
 
   17
+        2.00E+00  3.60E+01  5.11E-01  7.05E-01  7.91E+00  1.13E-01
 
   18
+        2.00E+00  4.80E+01  5.11E-01  7.05E-01  7.91E+00  1.13E-01
 
   19
+        2.00E+00  7.20E+01  5.11E-01  7.05E-01  7.91E+00  1.13E-01
 
   20
+        2.00E+00  9.60E+01  5.11E-01  7.05E-01  7.91E+00  1.13E-01
 
   21
+        2.00E+00  1.20E+02  5.11E-01  7.05E-01  7.91E+00  1.13E-01
 
   22
+        3.00E+00  0.00E+00  5.11E-01  6.78E-01  8.01E+00  1.33E-01
 
   23
+        3.00E+00  5.00E-01  5.11E-01  6.78E-01  8.01E+00  1.33E-01
 
   24
+        3.00E+00  2.00E+00  5.11E-01  6.78E-01  8.01E+00  1.33E-01
 
   25
+        3.00E+00  3.00E+00  5.11E-01  6.78E-01  8.01E+00  1.33E-01
 
1

 LINE NO.ID        TIME      TLAG      KA        V         CL       
 
   26
+        3.00E+00  6.00E+00  5.11E-01  6.78E-01  8.01E+00  1.33E-01
 
   27
+        3.00E+00  1.20E+01  5.11E-01  6.78E-01  8.01E+00  1.33E-01
 
   28
+        3.00E+00  2.40E+01  5.11E-01  6.78E-01  8.01E+00  1.33E-01
 
   29
+        3.00E+00  3.60E+01  5.11E-01  6.78E-01  8.01E+00  1.33E-01
 
   30
+        3.00E+00  4.80E+01  5.11E-01  6.78E-01  8.01E+00  1.33E-01
 
   31
+        3.00E+00  7.20E+01  5.11E-01  6.78E-01  8.01E+00  1.33E-01
 
   32
+        3.00E+00  9.60E+01  5.11E-01  6.78E-01  8.01E+00  1.33E-01
 
   33
+        3.00E+00  1.20E+02  5.11E-01  6.78E-01  8.01E+00  1.33E-01
 
   34
+        4.00E+00  0.00E+00  5.11E-01  7.28E-01  8.96E+00  1.14E-01
 
   35
+        4.00E+00  3.00E+00  5.11E-01  7.28E-01  8.96E+00  1.14E-01
 
   36
+        4.00E+00  6.00E+00  5.11E-01  7.28E-01  8.96E+00  1.14E-01
 
   37
+        4.00E+00  9.00E+00  5.11E-01  7.28E-01  8.96E+00  1.14E-01
 
   38
+        4.00E+00  2.40E+01  5.11E-01  7.28E-01  8.96E+00  1.14E-01
 
   39
+        4.00E+00  3.60E+01  5.11E-01  7.28E-01  8.96E+00  1.14E-01
 
   40
+        4.00E+00  4.80E+01  5.11E-01  7.28E-01  8.96E+00  1.14E-01
 
   41
+        4.00E+00  7.20E+01  5.11E-01  7.28E-01  8.96E+00  1.14E-01
 
   42
+        4.00E+00  9.60E+01  5.11E-01  7.28E-01  8.96E+00  1.14E-01
 
   43
+        4.00E+00  1.20E+02  5.11E-01  7.28E-01  8.96E+00  1.14E-01
 
   44
+        5.00E+00  0.00E+00  5.11E-01  7.72E-01  4.97E+00  7.20E-02
 
   45
+        5.00E+00  3.00E+00  5.11E-01  7.72E-01  4.97E+00  7.20E-02
 
   46
+        5.00E+00  6.00E+00  5.11E-01  7.72E-01  4.97E+00  7.20E-02
 
   47
+        5.00E+00  9.00E+00  5.11E-01  7.72E-01  4.97E+00  7.20E-02
 
   48
+        5.00E+00  1.20E+01  5.11E-01  7.72E-01  4.97E+00  7.20E-02
 
   49
+        5.00E+00  2.40E+01  5.11E-01  7.72E-01  4.97E+00  7.20E-02
 
   50
+        5.00E+00  3.60E+01  5.11E-01  7.72E-01  4.97E+00  7.20E-02
 
   51
+        5.00E+00  4.80E+01  5.11E-01  7.72E-01  4.97E+00  7.20E-02
 
1

 LINE NO.ID        TIME      TLAG      KA        V         CL       
 
   52
+        5.00E+00  7.20E+01  5.11E-01  7.72E-01  4.97E+00  7.20E-02
 
   53
+        5.00E+00  9.60E+01  5.11E-01  7.72E-01  4.97E+00  7.20E-02
 
   54
+        5.00E+00  1.20E+02  5.11E-01  7.72E-01  4.97E+00  7.20E-02
 
   55
+        6.00E+00  0.00E+00  5.11E-01  7.22E-01  1.04E+01  1.71E-01
 
   56
+        6.00E+00  6.00E+00  5.11E-01  7.22E-01  1.04E+01  1.71E-01
 
   57
+        6.00E+00  1.20E+01  5.11E-01  7.22E-01  1.04E+01  1.71E-01
 
   58
+        6.00E+00  2.40E+01  5.11E-01  7.22E-01  1.04E+01  1.71E-01
 
   59
+        6.00E+00  3.60E+01  5.11E-01  7.22E-01  1.04E+01  1.71E-01
 
   60
+        6.00E+00  4.80E+01  5.11E-01  7.22E-01  1.04E+01  1.71E-01
 
   61
+        6.00E+00  7.20E+01  5.11E-01  7.22E-01  1.04E+01  1.71E-01
 
   62
+        6.00E+00  9.60E+01  5.11E-01  7.22E-01  1.04E+01  1.71E-01
 
   63
+        6.00E+00  1.20E+02  5.11E-01  7.22E-01  1.04E+01  1.71E-01
 
   64
+        7.00E+00  0.00E+00  5.11E-01  9.66E-01  6.85E+00  2.00E-01
 
   65
+        7.00E+00  3.00E+00  5.11E-01  9.66E-01  6.85E+00  2.00E-01
 
   66
+        7.00E+00  6.00E+00  5.11E-01  9.66E-01  6.85E+00  2.00E-01
 
   67
+        7.00E+00  9.00E+00  5.11E-01  9.66E-01  6.85E+00  2.00E-01
 
   68
+        7.00E+00  1.20E+01  5.11E-01  9.66E-01  6.85E+00  2.00E-01
 
   69
+        7.00E+00  2.40E+01  5.11E-01  9.66E-01  6.85E+00  2.00E-01
 
   70
+        7.00E+00  3.60E+01  5.11E-01  9.66E-01  6.85E+00  2.00E-01
 
   71
+        7.00E+00  4.80E+01  5.11E-01  9.66E-01  6.85E+00  2.00E-01
 
   72
+        7.00E+00  7.20E+01  5.11E-01  9.66E-01  6.85E+00  2.00E-01
 
   73
+        7.00E+00  9.60E+01  5.11E-01  9.66E-01  6.85E+00  2.00E-01
 
   74
+        7.00E+00  1.20E+02  5.11E-01  9.66E-01  6.85E+00  2.00E-01
 
   75
+        8.00E+00  0.00E+00  5.11E-01  1.40E+00  8.94E+00  1.66E-01
 
   76
+        8.00E+00  2.00E+00  5.11E-01  1.40E+00  8.94E+00  1.66E-01
 
   77
+        8.00E+00  3.00E+00  5.11E-01  1.40E+00  8.94E+00  1.66E-01
 
1

 LINE NO.ID        TIME      TLAG      KA        V         CL       
 
   78
+        8.00E+00  6.00E+00  5.11E-01  1.40E+00  8.94E+00  1.66E-01
 
   79
+        8.00E+00  9.00E+00  5.11E-01  1.40E+00  8.94E+00  1.66E-01
 
   80
+        8.00E+00  1.20E+01  5.11E-01  1.40E+00  8.94E+00  1.66E-01
 
   81
+        8.00E+00  2.40E+01  5.11E-01  1.40E+00  8.94E+00  1.66E-01
 
   82
+        8.00E+00  3.60E+01  5.11E-01  1.40E+00  8.94E+00  1.66E-01
 
   83
+        8.00E+00  4.80E+01  5.11E-01  1.40E+00  8.94E+00  1.66E-01
 
   84
+        8.00E+00  7.20E+01  5.11E-01  1.40E+00  8.94E+00  1.66E-01
 
   85
+        8.00E+00  9.60E+01  5.11E-01  1.40E+00  8.94E+00  1.66E-01
 
   86
+        8.00E+00  1.20E+02  5.11E-01  1.40E+00  8.94E+00  1.66E-01
 
   87
+        9.00E+00  0.00E+00  5.11E-01  3.98E-01  5.32E+00  1.14E-01
 
   88
+        9.00E+00  5.00E-01  5.11E-01  3.98E-01  5.32E+00  1.14E-01
 
   89
+        9.00E+00  1.00E+00  5.11E-01  3.98E-01  5.32E+00  1.14E-01
 
   90
+        9.00E+00  2.00E+00  5.11E-01  3.98E-01  5.32E+00  1.14E-01
 
   91
+        9.00E+00  3.00E+00  5.11E-01  3.98E-01  5.32E+00  1.14E-01
 
   92
+        9.00E+00  3.00E+00  5.11E-01  3.98E-01  5.32E+00  1.14E-01
 
   93
+        9.00E+00  6.00E+00  5.11E-01  3.98E-01  5.32E+00  1.14E-01
 
   94
+        9.00E+00  6.00E+00  5.11E-01  3.98E-01  5.32E+00  1.14E-01
 
   95
+        9.00E+00  9.00E+00  5.11E-01  3.98E-01  5.32E+00  1.14E-01
 
   96
+        9.00E+00  9.00E+00  5.11E-01  3.98E-01  5.32E+00  1.14E-01
 
   97
+        9.00E+00  1.20E+01  5.11E-01  3.98E-01  5.32E+00  1.14E-01
 
   98
+        9.00E+00  1.20E+01  5.11E-01  3.98E-01  5.32E+00  1.14E-01
 
   99
+        9.00E+00  2.40E+01  5.11E-01  3.98E-01  5.32E+00  1.14E-01
 
  100
+        9.00E+00  3.60E+01  5.11E-01  3.98E-01  5.32E+00  1.14E-01
 
  101
+        9.00E+00  4.80E+01  5.11E-01  3.98E-01  5.32E+00  1.14E-01
 
  102
+        9.00E+00  7.20E+01  5.11E-01  3.98E-01  5.32E+00  1.14E-01
 
  103
+        9.00E+00  9.60E+01  5.11E-01  3.98E-01  5.32E+00  1.14E-01
 
1

 LINE NO.ID        TIME      TLAG      KA        V         CL       
 
  104
+        9.00E+00  1.20E+02  5.11E-01  3.98E-01  5.32E+00  1.14E-01
 
  105
+        1.00E+01  0.00E+00  5.11E-01  7.21E-01  8.75E+00  1.15E-01
 
  106
+        1.00E+01  2.40E+01  5.11E-01  7.21E-01  8.75E+00  1.15E-01
 
  107
+        1.00E+01  3.60E+01  5.11E-01  7.21E-01  8.75E+00  1.15E-01
 
  108
+        1.00E+01  4.80E+01  5.11E-01  7.21E-01  8.75E+00  1.15E-01
 
  109
+        1.00E+01  7.20E+01  5.11E-01  7.21E-01  8.75E+00  1.15E-01
 
  110
+        1.00E+01  9.60E+01  5.11E-01  7.21E-01  8.75E+00  1.15E-01
 
  111
+        1.00E+01  1.20E+02  5.11E-01  7.21E-01  8.75E+00  1.15E-01
 
  112
+        1.20E+01  0.00E+00  5.11E-01  9.52E-01  8.37E+00  1.30E-01
 
  113
+        1.20E+01  1.50E+00  5.11E-01  9.52E-01  8.37E+00  1.30E-01
 
  114
+        1.20E+01  3.00E+00  5.11E-01  9.52E-01  8.37E+00  1.30E-01
 
  115
+        1.20E+01  6.00E+00  5.11E-01  9.52E-01  8.37E+00  1.30E-01
 
  116
+        1.20E+01  1.20E+01  5.11E-01  9.52E-01  8.37E+00  1.30E-01
 
  117
+        1.20E+01  2.40E+01  5.11E-01  9.52E-01  8.37E+00  1.30E-01
 
  118
+        1.20E+01  3.60E+01  5.11E-01  9.52E-01  8.37E+00  1.30E-01
 
  119
+        1.20E+01  4.80E+01  5.11E-01  9.52E-01  8.37E+00  1.30E-01
 
  120
+        1.20E+01  7.20E+01  5.11E-01  9.52E-01  8.37E+00  1.30E-01
 
  121
+        1.20E+01  9.60E+01  5.11E-01  9.52E-01  8.37E+00  1.30E-01
 
  122
+        1.20E+01  1.20E+02  5.11E-01  9.52E-01  8.37E+00  1.30E-01
 
  123
+        1.30E+01  0.00E+00  5.11E-01  4.35E-01  7.84E+00  1.36E-01
 
  124
+        1.30E+01  1.50E+00  5.11E-01  4.35E-01  7.84E+00  1.36E-01
 
  125
+        1.30E+01  6.00E+00  5.11E-01  4.35E-01  7.84E+00  1.36E-01
 
  126
+        1.30E+01  9.00E+00  5.11E-01  4.35E-01  7.84E+00  1.36E-01
 
  127
+        1.30E+01  2.40E+01  5.11E-01  4.35E-01  7.84E+00  1.36E-01
 
  128
+        1.30E+01  3.60E+01  5.11E-01  4.35E-01  7.84E+00  1.36E-01
 
  129
+        1.30E+01  4.80E+01  5.11E-01  4.35E-01  7.84E+00  1.36E-01
 
1

 LINE NO.ID        TIME      TLAG      KA        V         CL       
 
  130
+        1.30E+01  7.20E+01  5.11E-01  4.35E-01  7.84E+00  1.36E-01
 
  131
+        1.30E+01  9.60E+01  5.11E-01  4.35E-01  7.84E+00  1.36E-01
 
  132
+        1.30E+01  1.20E+02  5.11E-01  4.35E-01  7.84E+00  1.36E-01
 
  133
+        1.40E+01  0.00E+00  5.11E-01  6.41E-01  8.97E+00  1.72E-01
 
  134
+        1.40E+01  5.00E-01  5.11E-01  6.41E-01  8.97E+00  1.72E-01
 
  135
+        1.40E+01  1.50E+00  5.11E-01  6.41E-01  8.97E+00  1.72E-01
 
  136
+        1.40E+01  2.00E+00  5.11E-01  6.41E-01  8.97E+00  1.72E-01
 
  137
+        1.40E+01  3.00E+00  5.11E-01  6.41E-01  8.97E+00  1.72E-01
 
  138
+        1.40E+01  6.00E+00  5.11E-01  6.41E-01  8.97E+00  1.72E-01
 
  139
+        1.40E+01  9.00E+00  5.11E-01  6.41E-01  8.97E+00  1.72E-01
 
  140
+        1.40E+01  2.40E+01  5.11E-01  6.41E-01  8.97E+00  1.72E-01
 
  141
+        1.40E+01  3.60E+01  5.11E-01  6.41E-01  8.97E+00  1.72E-01
 
  142
+        1.40E+01  4.80E+01  5.11E-01  6.41E-01  8.97E+00  1.72E-01
 
  143
+        1.40E+01  7.20E+01  5.11E-01  6.41E-01  8.97E+00  1.72E-01
 
  144
+        1.40E+01  9.60E+01  5.11E-01  6.41E-01  8.97E+00  1.72E-01
 
  145
+        1.40E+01  1.20E+02  5.11E-01  6.41E-01  8.97E+00  1.72E-01
 
  146
+        1.50E+01  0.00E+00  5.11E-01  7.98E-01  5.78E+00  1.54E-01
 
  147
+        1.50E+01  5.00E-01  5.11E-01  7.98E-01  5.78E+00  1.54E-01
 
  148
+        1.50E+01  1.00E+00  5.11E-01  7.98E-01  5.78E+00  1.54E-01
 
  149
+        1.50E+01  2.00E+00  5.11E-01  7.98E-01  5.78E+00  1.54E-01
 
  150
+        1.50E+01  3.00E+00  5.11E-01  7.98E-01  5.78E+00  1.54E-01
 
  151
+        1.50E+01  6.00E+00  5.11E-01  7.98E-01  5.78E+00  1.54E-01
 
  152
+        1.50E+01  9.00E+00  5.11E-01  7.98E-01  5.78E+00  1.54E-01
 
  153
+        1.50E+01  2.40E+01  5.11E-01  7.98E-01  5.78E+00  1.54E-01
 
  154
+        1.50E+01  3.60E+01  5.11E-01  7.98E-01  5.78E+00  1.54E-01
 
  155
+        1.50E+01  4.80E+01  5.11E-01  7.98E-01  5.78E+00  1.54E-01
 
1

 LINE NO.ID        TIME      TLAG      KA        V         CL       
 
  156
+        1.50E+01  7.20E+01  5.11E-01  7.98E-01  5.78E+00  1.54E-01
 
  157
+        1.50E+01  9.60E+01  5.11E-01  7.98E-01  5.78E+00  1.54E-01
 
  158
+        1.50E+01  1.20E+02  5.11E-01  7.98E-01  5.78E+00  1.54E-01
 
  159
+        1.60E+01  0.00E+00  5.11E-01  7.24E-01  6.64E+00  1.01E-01
 
  160
+        1.60E+01  1.00E+00  5.11E-01  7.24E-01  6.64E+00  1.01E-01
 
  161
+        1.60E+01  3.00E+00  5.11E-01  7.24E-01  6.64E+00  1.01E-01
 
  162
+        1.60E+01  6.00E+00  5.11E-01  7.24E-01  6.64E+00  1.01E-01
 
  163
+        1.60E+01  9.00E+00  5.11E-01  7.24E-01  6.64E+00  1.01E-01
 
  164
+        1.60E+01  2.40E+01  5.11E-01  7.24E-01  6.64E+00  1.01E-01
 
  165
+        1.60E+01  3.60E+01  5.11E-01  7.24E-01  6.64E+00  1.01E-01
 
  166
+        1.60E+01  4.80E+01  5.11E-01  7.24E-01  6.64E+00  1.01E-01
 
  167
+        1.60E+01  7.20E+01  5.11E-01  7.24E-01  6.64E+00  1.01E-01
 
  168
+        1.60E+01  9.60E+01  5.11E-01  7.24E-01  6.64E+00  1.01E-01
 
  169
+        1.60E+01  1.20E+02  5.11E-01  7.24E-01  6.64E+00  1.01E-01
 
  170
+        1.70E+01  0.00E+00  5.11E-01  6.86E-01  6.57E+00  9.79E-02
 
  171
+        1.70E+01  2.40E+01  5.11E-01  6.86E-01  6.57E+00  9.79E-02
 
  172
+        1.70E+01  3.60E+01  5.11E-01  6.86E-01  6.57E+00  9.79E-02
 
  173
+        1.70E+01  4.80E+01  5.11E-01  6.86E-01  6.57E+00  9.79E-02
 
  174
+        1.70E+01  7.20E+01  5.11E-01  6.86E-01  6.57E+00  9.79E-02
 
  175
+        1.70E+01  9.60E+01  5.11E-01  6.86E-01  6.57E+00  9.79E-02
 
  176
+        1.70E+01  1.20E+02  5.11E-01  6.86E-01  6.57E+00  9.79E-02
 
  177
+        1.80E+01  0.00E+00  5.11E-01  7.36E-01  9.85E+00  1.50E-01
 
  178
+        1.80E+01  2.40E+01  5.11E-01  7.36E-01  9.85E+00  1.50E-01
 
  179
+        1.80E+01  3.60E+01  5.11E-01  7.36E-01  9.85E+00  1.50E-01
 
  180
+        1.80E+01  4.80E+01  5.11E-01  7.36E-01  9.85E+00  1.50E-01
 
  181
+        1.80E+01  7.20E+01  5.11E-01  7.36E-01  9.85E+00  1.50E-01
 
1

 LINE NO.ID        TIME      TLAG      KA        V         CL       
 
  182
+        1.80E+01  9.60E+01  5.11E-01  7.36E-01  9.85E+00  1.50E-01
 
  183
+        1.80E+01  1.20E+02  5.11E-01  7.36E-01  9.85E+00  1.50E-01
 
  184
+        1.90E+01  0.00E+00  5.11E-01  7.02E-01  8.27E+00  1.86E-01
 
  185
+        1.90E+01  2.40E+01  5.11E-01  7.02E-01  8.27E+00  1.86E-01
 
  186
+        1.90E+01  3.60E+01  5.11E-01  7.02E-01  8.27E+00  1.86E-01
 
  187
+        1.90E+01  4.80E+01  5.11E-01  7.02E-01  8.27E+00  1.86E-01
 
  188
+        1.90E+01  7.20E+01  5.11E-01  7.02E-01  8.27E+00  1.86E-01
 
  189
+        1.90E+01  9.60E+01  5.11E-01  7.02E-01  8.27E+00  1.86E-01
 
  190
+        1.90E+01  1.20E+02  5.11E-01  7.02E-01  8.27E+00  1.86E-01
 
  191
+        2.00E+01  0.00E+00  5.11E-01  7.75E-01  8.15E+00  1.72E-01
 
  192
+        2.00E+01  2.40E+01  5.11E-01  7.75E-01  8.15E+00  1.72E-01
 
  193
+        2.00E+01  3.60E+01  5.11E-01  7.75E-01  8.15E+00  1.72E-01
 
  194
+        2.00E+01  4.80E+01  5.11E-01  7.75E-01  8.15E+00  1.72E-01
 
  195
+        2.00E+01  7.20E+01  5.11E-01  7.75E-01  8.15E+00  1.72E-01
 
  196
+        2.00E+01  9.60E+01  5.11E-01  7.75E-01  8.15E+00  1.72E-01
 
  197
+        2.00E+01  1.20E+02  5.11E-01  7.75E-01  8.15E+00  1.72E-01
 
  198
+        2.10E+01  0.00E+00  5.11E-01  6.97E-01  6.90E+00  9.73E-02
 
  199
+        2.10E+01  2.40E+01  5.11E-01  6.97E-01  6.90E+00  9.73E-02
 
  200
+        2.10E+01  3.60E+01  5.11E-01  6.97E-01  6.90E+00  9.73E-02
 
  201
+        2.10E+01  4.80E+01  5.11E-01  6.97E-01  6.90E+00  9.73E-02
 
  202
+        2.10E+01  7.20E+01  5.11E-01  6.97E-01  6.90E+00  9.73E-02
 
  203
+        2.10E+01  9.60E+01  5.11E-01  6.97E-01  6.90E+00  9.73E-02
 
  204
+        2.10E+01  1.20E+02  5.11E-01  6.97E-01  6.90E+00  9.73E-02
 
  205
+        2.20E+01  0.00E+00  5.11E-01  7.58E-01  8.17E+00  1.35E-01
 
  206
+        2.20E+01  2.40E+01  5.11E-01  7.58E-01  8.17E+00  1.35E-01
 
  207
+        2.20E+01  3.60E+01  5.11E-01  7.58E-01  8.17E+00  1.35E-01
 
1

 LINE NO.ID        TIME      TLAG      KA        V         CL       
 
  208
+        2.20E+01  4.80E+01  5.11E-01  7.58E-01  8.17E+00  1.35E-01
 
  209
+        2.20E+01  7.20E+01  5.11E-01  7.58E-01  8.17E+00  1.35E-01
 
  210
+        2.20E+01  9.60E+01  5.11E-01  7.58E-01  8.17E+00  1.35E-01
 
  211
+        2.20E+01  1.20E+02  5.11E-01  7.58E-01  8.17E+00  1.35E-01
 
  212
+        2.30E+01  0.00E+00  5.11E-01  6.80E-01  6.44E+00  1.04E-01
 
  213
+        2.30E+01  2.40E+01  5.11E-01  6.80E-01  6.44E+00  1.04E-01
 
  214
+        2.30E+01  3.60E+01  5.11E-01  6.80E-01  6.44E+00  1.04E-01
 
  215
+        2.30E+01  4.80E+01  5.11E-01  6.80E-01  6.44E+00  1.04E-01
 
  216
+        2.30E+01  7.20E+01  5.11E-01  6.80E-01  6.44E+00  1.04E-01
 
  217
+        2.30E+01  9.60E+01  5.11E-01  6.80E-01  6.44E+00  1.04E-01
 
  218
+        2.30E+01  1.20E+02  5.11E-01  6.80E-01  6.44E+00  1.04E-01
 
  219
+        2.40E+01  0.00E+00  5.11E-01  7.00E-01  8.53E+00  1.24E-01
 
  220
+        2.40E+01  2.40E+01  5.11E-01  7.00E-01  8.53E+00  1.24E-01
 
  221
+        2.40E+01  3.60E+01  5.11E-01  7.00E-01  8.53E+00  1.24E-01
 
  222
+        2.40E+01  4.80E+01  5.11E-01  7.00E-01  8.53E+00  1.24E-01
 
  223
+        2.40E+01  7.20E+01  5.11E-01  7.00E-01  8.53E+00  1.24E-01
 
  224
+        2.40E+01  9.60E+01  5.11E-01  7.00E-01  8.53E+00  1.24E-01
 
  225
+        2.40E+01  1.20E+02  5.11E-01  7.00E-01  8.53E+00  1.24E-01
 
  226
+        2.50E+01  0.00E+00  5.11E-01  7.20E-01  9.90E+00  1.06E-01
 
  227
+        2.50E+01  2.40E+01  5.11E-01  7.20E-01  9.90E+00  1.06E-01
 
  228
+        2.50E+01  3.60E+01  5.11E-01  7.20E-01  9.90E+00  1.06E-01
 
  229
+        2.50E+01  4.80E+01  5.11E-01  7.20E-01  9.90E+00  1.06E-01
 
  230
+        2.50E+01  7.20E+01  5.11E-01  7.20E-01  9.90E+00  1.06E-01
 
  231
+        2.50E+01  9.60E+01  5.11E-01  7.20E-01  9.90E+00  1.06E-01
 
  232
+        2.50E+01  1.20E+02  5.11E-01  7.20E-01  9.90E+00  1.06E-01
 
  233
+        2.60E+01  0.00E+00  5.11E-01  6.68E-01  8.07E+00  1.10E-01
 
1

 LINE NO.ID        TIME      TLAG      KA        V         CL       
 
  234
+        2.60E+01  2.40E+01  5.11E-01  6.68E-01  8.07E+00  1.10E-01
 
  235
+        2.60E+01  3.60E+01  5.11E-01  6.68E-01  8.07E+00  1.10E-01
 
  236
+        2.60E+01  4.80E+01  5.11E-01  6.68E-01  8.07E+00  1.10E-01
 
  237
+        2.60E+01  7.20E+01  5.11E-01  6.68E-01  8.07E+00  1.10E-01
 
  238
+        2.60E+01  9.60E+01  5.11E-01  6.68E-01  8.07E+00  1.10E-01
 
  239
+        2.60E+01  1.20E+02  5.11E-01  6.68E-01  8.07E+00  1.10E-01
 
  240
+        2.70E+01  0.00E+00  5.11E-01  6.93E-01  9.22E+00  1.24E-01
 
  241
+        2.70E+01  2.40E+01  5.11E-01  6.93E-01  9.22E+00  1.24E-01
 
  242
+        2.70E+01  3.60E+01  5.11E-01  6.93E-01  9.22E+00  1.24E-01
 
  243
+        2.70E+01  4.80E+01  5.11E-01  6.93E-01  9.22E+00  1.24E-01
 
  244
+        2.70E+01  7.20E+01  5.11E-01  6.93E-01  9.22E+00  1.24E-01
 
  245
+        2.70E+01  9.60E+01  5.11E-01  6.93E-01  9.22E+00  1.24E-01
 
  246
+        2.70E+01  1.20E+02  5.11E-01  6.93E-01  9.22E+00  1.24E-01
 
  247
+        2.80E+01  0.00E+00  5.11E-01  6.75E-01  8.76E+00  1.24E-01
 
  248
+        2.80E+01  2.40E+01  5.11E-01  6.75E-01  8.76E+00  1.24E-01
 
  249
+        2.80E+01  3.60E+01  5.11E-01  6.75E-01  8.76E+00  1.24E-01
 
  250
+        2.80E+01  4.80E+01  5.11E-01  6.75E-01  8.76E+00  1.24E-01
 
  251
+        2.80E+01  7.20E+01  5.11E-01  6.75E-01  8.76E+00  1.24E-01
 
  252
+        2.80E+01  9.60E+01  5.11E-01  6.75E-01  8.76E+00  1.24E-01
 
  253
+        2.80E+01  1.20E+02  5.11E-01  6.75E-01  8.76E+00  1.24E-01
 
  254
+        2.90E+01  0.00E+00  5.11E-01  6.99E-01  9.23E+00  1.40E-01
 
  255
+        2.90E+01  2.40E+01  5.11E-01  6.99E-01  9.23E+00  1.40E-01
 
  256
+        2.90E+01  3.60E+01  5.11E-01  6.99E-01  9.23E+00  1.40E-01
 
  257
+        2.90E+01  4.80E+01  5.11E-01  6.99E-01  9.23E+00  1.40E-01
 
  258
+        2.90E+01  7.20E+01  5.11E-01  6.99E-01  9.23E+00  1.40E-01
 
  259
+        2.90E+01  9.60E+01  5.11E-01  6.99E-01  9.23E+00  1.40E-01
 
1

 LINE NO.ID        TIME      TLAG      KA        V         CL       
 
  260
+        2.90E+01  1.20E+02  5.11E-01  6.99E-01  9.23E+00  1.40E-01
 
  261
+        3.00E+01  0.00E+00  5.11E-01  7.34E-01  1.28E+01  1.89E-01
 
  262
+        3.00E+01  2.40E+01  5.11E-01  7.34E-01  1.28E+01  1.89E-01
 
  263
+        3.00E+01  3.60E+01  5.11E-01  7.34E-01  1.28E+01  1.89E-01
 
  264
+        3.00E+01  4.80E+01  5.11E-01  7.34E-01  1.28E+01  1.89E-01
 
  265
+        3.00E+01  7.20E+01  5.11E-01  7.34E-01  1.28E+01  1.89E-01
 
  266
+        3.00E+01  9.60E+01  5.11E-01  7.34E-01  1.28E+01  1.89E-01
 
  267
+        3.00E+01  1.20E+02  5.11E-01  7.34E-01  1.28E+01  1.89E-01
 
  268
+        3.10E+01  0.00E+00  5.11E-01  7.07E-01  8.26E+00  1.26E-01
 
  269
+        3.10E+01  2.40E+01  5.11E-01  7.07E-01  8.26E+00  1.26E-01
 
  270
+        3.10E+01  3.60E+01  5.11E-01  7.07E-01  8.26E+00  1.26E-01
 
  271
+        3.10E+01  4.80E+01  5.11E-01  7.07E-01  8.26E+00  1.26E-01
 
  272
+        3.10E+01  7.20E+01  5.11E-01  7.07E-01  8.26E+00  1.26E-01
 
  273
+        3.10E+01  9.60E+01  5.11E-01  7.07E-01  8.26E+00  1.26E-01
 
  274
+        3.10E+01  1.20E+02  5.11E-01  7.07E-01  8.26E+00  1.26E-01
 
  275
+        3.20E+01  0.00E+00  5.11E-01  7.12E-01  1.00E+01  1.41E-01
 
  276
+        3.20E+01  2.40E+01  5.11E-01  7.12E-01  1.00E+01  1.41E-01
 
  277
+        3.20E+01  3.60E+01  5.11E-01  7.12E-01  1.00E+01  1.41E-01
 
  278
+        3.20E+01  4.80E+01  5.11E-01  7.12E-01  1.00E+01  1.41E-01
 
  279
+        3.20E+01  7.20E+01  5.11E-01  7.12E-01  1.00E+01  1.41E-01
 
  280
+        3.20E+01  9.60E+01  5.11E-01  7.12E-01  1.00E+01  1.41E-01
 
  281
+        3.20E+01  1.20E+02  5.11E-01  7.12E-01  1.00E+01  1.41E-01
 
  282
+        3.30E+01  0.00E+00  5.11E-01  7.11E-01  7.52E+00  1.05E-01
 
  283
+        3.30E+01  2.40E+01  5.11E-01  7.11E-01  7.52E+00  1.05E-01
 
  284
+        3.30E+01  3.60E+01  5.11E-01  7.11E-01  7.52E+00  1.05E-01
 
  285
+        3.30E+01  4.80E+01  5.11E-01  7.11E-01  7.52E+00  1.05E-01
 
1

 LINE NO.ID        TIME      TLAG      KA        V         CL       
 
  286
+        3.30E+01  7.20E+01  5.11E-01  7.11E-01  7.52E+00  1.05E-01
 
  287
+        3.30E+01  9.60E+01  5.11E-01  7.11E-01  7.52E+00  1.05E-01
 
  288
+        3.30E+01  1.20E+02  5.11E-01  7.11E-01  7.52E+00  1.05E-01
 
1TABLE NO.  3



 LINE NO.ID        TIME      WT        LOGTWT   
 
    1
+        1.00E+00  0.00E+00  6.67E+01 -4.83E-02
 
    2
+        1.00E+00  5.00E-01  6.67E+01 -4.83E-02
 
    3
+        1.00E+00  1.00E+00  6.67E+01 -4.83E-02
 
    4
+        1.00E+00  2.00E+00  6.67E+01 -4.83E-02
 
    5
+        1.00E+00  3.00E+00  6.67E+01 -4.83E-02
 
    6
+        1.00E+00  6.00E+00  6.67E+01 -4.83E-02
 
    7
+        1.00E+00  9.00E+00  6.67E+01 -4.83E-02
 
    8
+        1.00E+00  1.20E+01  6.67E+01 -4.83E-02
 
    9
+        1.00E+00  2.40E+01  6.67E+01 -4.83E-02
 
   10
+        1.00E+00  3.60E+01  6.67E+01 -4.83E-02
 
   11
+        1.00E+00  4.80E+01  6.67E+01 -4.83E-02
 
   12
+        1.00E+00  7.20E+01  6.67E+01 -4.83E-02
 
   13
+        1.00E+00  9.60E+01  6.67E+01 -4.83E-02
 
   14
+        1.00E+00  1.20E+02  6.67E+01 -4.83E-02
 
   15
+        2.00E+00  0.00E+00  6.67E+01 -4.83E-02
 
   16
+        2.00E+00  2.40E+01  6.67E+01 -4.83E-02
 
   17
+        2.00E+00  3.60E+01  6.67E+01 -4.83E-02
 
   18
+        2.00E+00  4.80E+01  6.67E+01 -4.83E-02
 
   19
+        2.00E+00  7.20E+01  6.67E+01 -4.83E-02
 
   20
+        2.00E+00  9.60E+01  6.67E+01 -4.83E-02
 
   21
+        2.00E+00  1.20E+02  6.67E+01 -4.83E-02
 
   22
+        3.00E+00  0.00E+00  6.67E+01 -4.83E-02
 
   23
+        3.00E+00  5.00E-01  6.67E+01 -4.83E-02
 
   24
+        3.00E+00  2.00E+00  6.67E+01 -4.83E-02
 
   25
+        3.00E+00  3.00E+00  6.67E+01 -4.83E-02
 
1

 LINE NO.ID        TIME      WT        LOGTWT   
 
   26
+        3.00E+00  6.00E+00  6.67E+01 -4.83E-02
 
   27
+        3.00E+00  1.20E+01  6.67E+01 -4.83E-02
 
   28
+        3.00E+00  2.40E+01  6.67E+01 -4.83E-02
 
   29
+        3.00E+00  3.60E+01  6.67E+01 -4.83E-02
 
   30
+        3.00E+00  4.80E+01  6.67E+01 -4.83E-02
 
   31
+        3.00E+00  7.20E+01  6.67E+01 -4.83E-02
 
   32
+        3.00E+00  9.60E+01  6.67E+01 -4.83E-02
 
   33
+        3.00E+00  1.20E+02  6.67E+01 -4.83E-02
 
   34
+        4.00E+00  0.00E+00  8.00E+01  1.34E-01
 
   35
+        4.00E+00  3.00E+00  8.00E+01  1.34E-01
 
   36
+        4.00E+00  6.00E+00  8.00E+01  1.34E-01
 
   37
+        4.00E+00  9.00E+00  8.00E+01  1.34E-01
 
   38
+        4.00E+00  2.40E+01  8.00E+01  1.34E-01
 
   39
+        4.00E+00  3.60E+01  8.00E+01  1.34E-01
 
   40
+        4.00E+00  4.80E+01  8.00E+01  1.34E-01
 
   41
+        4.00E+00  7.20E+01  8.00E+01  1.34E-01
 
   42
+        4.00E+00  9.60E+01  8.00E+01  1.34E-01
 
   43
+        4.00E+00  1.20E+02  8.00E+01  1.34E-01
 
   44
+        5.00E+00  0.00E+00  4.00E+01 -5.60E-01
 
   45
+        5.00E+00  3.00E+00  4.00E+01 -5.60E-01
 
   46
+        5.00E+00  6.00E+00  4.00E+01 -5.60E-01
 
   47
+        5.00E+00  9.00E+00  4.00E+01 -5.60E-01
 
   48
+        5.00E+00  1.20E+01  4.00E+01 -5.60E-01
 
   49
+        5.00E+00  2.40E+01  4.00E+01 -5.60E-01
 
   50
+        5.00E+00  3.60E+01  4.00E+01 -5.60E-01
 
   51
+        5.00E+00  4.80E+01  4.00E+01 -5.60E-01
 
1

 LINE NO.ID        TIME      WT        LOGTWT   
 
   52
+        5.00E+00  7.20E+01  4.00E+01 -5.60E-01
 
   53
+        5.00E+00  9.60E+01  4.00E+01 -5.60E-01
 
   54
+        5.00E+00  1.20E+02  4.00E+01 -5.60E-01
 
   55
+        6.00E+00  0.00E+00  7.53E+01  7.30E-02
 
   56
+        6.00E+00  6.00E+00  7.53E+01  7.30E-02
 
   57
+        6.00E+00  1.20E+01  7.53E+01  7.30E-02
 
   58
+        6.00E+00  2.40E+01  7.53E+01  7.30E-02
 
   59
+        6.00E+00  3.60E+01  7.53E+01  7.30E-02
 
   60
+        6.00E+00  4.80E+01  7.53E+01  7.30E-02
 
   61
+        6.00E+00  7.20E+01  7.53E+01  7.30E-02
 
   62
+        6.00E+00  9.60E+01  7.53E+01  7.30E-02
 
   63
+        6.00E+00  1.20E+02  7.53E+01  7.30E-02
 
   64
+        7.00E+00  0.00E+00  6.00E+01 -1.54E-01
 
   65
+        7.00E+00  3.00E+00  6.00E+01 -1.54E-01
 
   66
+        7.00E+00  6.00E+00  6.00E+01 -1.54E-01
 
   67
+        7.00E+00  9.00E+00  6.00E+01 -1.54E-01
 
   68
+        7.00E+00  1.20E+01  6.00E+01 -1.54E-01
 
   69
+        7.00E+00  2.40E+01  6.00E+01 -1.54E-01
 
   70
+        7.00E+00  3.60E+01  6.00E+01 -1.54E-01
 
   71
+        7.00E+00  4.80E+01  6.00E+01 -1.54E-01
 
   72
+        7.00E+00  7.20E+01  6.00E+01 -1.54E-01
 
   73
+        7.00E+00  9.60E+01  6.00E+01 -1.54E-01
 
   74
+        7.00E+00  1.20E+02  6.00E+01 -1.54E-01
 
   75
+        8.00E+00  0.00E+00  9.00E+01  2.51E-01
 
   76
+        8.00E+00  2.00E+00  9.00E+01  2.51E-01
 
   77
+        8.00E+00  3.00E+00  9.00E+01  2.51E-01
 
1

 LINE NO.ID        TIME      WT        LOGTWT   
 
   78
+        8.00E+00  6.00E+00  9.00E+01  2.51E-01
 
   79
+        8.00E+00  9.00E+00  9.00E+01  2.51E-01
 
   80
+        8.00E+00  1.20E+01  9.00E+01  2.51E-01
 
   81
+        8.00E+00  2.40E+01  9.00E+01  2.51E-01
 
   82
+        8.00E+00  3.60E+01  9.00E+01  2.51E-01
 
   83
+        8.00E+00  4.80E+01  9.00E+01  2.51E-01
 
   84
+        8.00E+00  7.20E+01  9.00E+01  2.51E-01
 
   85
+        8.00E+00  9.60E+01  9.00E+01  2.51E-01
 
   86
+        8.00E+00  1.20E+02  9.00E+01  2.51E-01
 
   87
+        9.00E+00  0.00E+00  5.00E+01 -3.36E-01
 
   88
+        9.00E+00  5.00E-01  5.00E+01 -3.36E-01
 
   89
+        9.00E+00  1.00E+00  5.00E+01 -3.36E-01
 
   90
+        9.00E+00  2.00E+00  5.00E+01 -3.36E-01
 
   91
+        9.00E+00  3.00E+00  5.00E+01 -3.36E-01
 
   92
+        9.00E+00  3.00E+00  5.00E+01 -3.36E-01
 
   93
+        9.00E+00  6.00E+00  5.00E+01 -3.36E-01
 
   94
+        9.00E+00  6.00E+00  5.00E+01 -3.36E-01
 
   95
+        9.00E+00  9.00E+00  5.00E+01 -3.36E-01
 
   96
+        9.00E+00  9.00E+00  5.00E+01 -3.36E-01
 
   97
+        9.00E+00  1.20E+01  5.00E+01 -3.36E-01
 
   98
+        9.00E+00  1.20E+01  5.00E+01 -3.36E-01
 
   99
+        9.00E+00  2.40E+01  5.00E+01 -3.36E-01
 
  100
+        9.00E+00  3.60E+01  5.00E+01 -3.36E-01
 
  101
+        9.00E+00  4.80E+01  5.00E+01 -3.36E-01
 
  102
+        9.00E+00  7.20E+01  5.00E+01 -3.36E-01
 
  103
+        9.00E+00  9.60E+01  5.00E+01 -3.36E-01
 
1

 LINE NO.ID        TIME      WT        LOGTWT   
 
  104
+        9.00E+00  1.20E+02  5.00E+01 -3.36E-01
 
  105
+        1.00E+01  0.00E+00  7.00E+01  0.00E+00
 
  106
+        1.00E+01  2.40E+01  7.00E+01  0.00E+00
 
  107
+        1.00E+01  3.60E+01  7.00E+01  0.00E+00
 
  108
+        1.00E+01  4.80E+01  7.00E+01  0.00E+00
 
  109
+        1.00E+01  7.20E+01  7.00E+01  0.00E+00
 
  110
+        1.00E+01  9.60E+01  7.00E+01  0.00E+00
 
  111
+        1.00E+01  1.20E+02  7.00E+01  0.00E+00
 
  112
+        1.20E+01  0.00E+00  8.20E+01  1.58E-01
 
  113
+        1.20E+01  1.50E+00  8.20E+01  1.58E-01
 
  114
+        1.20E+01  3.00E+00  8.20E+01  1.58E-01
 
  115
+        1.20E+01  6.00E+00  8.20E+01  1.58E-01
 
  116
+        1.20E+01  1.20E+01  8.20E+01  1.58E-01
 
  117
+        1.20E+01  2.40E+01  8.20E+01  1.58E-01
 
  118
+        1.20E+01  3.60E+01  8.20E+01  1.58E-01
 
  119
+        1.20E+01  4.80E+01  8.20E+01  1.58E-01
 
  120
+        1.20E+01  7.20E+01  8.20E+01  1.58E-01
 
  121
+        1.20E+01  9.60E+01  8.20E+01  1.58E-01
 
  122
+        1.20E+01  1.20E+02  8.20E+01  1.58E-01
 
  123
+        1.30E+01  0.00E+00  7.53E+01  7.30E-02
 
  124
+        1.30E+01  1.50E+00  7.53E+01  7.30E-02
 
  125
+        1.30E+01  6.00E+00  7.53E+01  7.30E-02
 
  126
+        1.30E+01  9.00E+00  7.53E+01  7.30E-02
 
  127
+        1.30E+01  2.40E+01  7.53E+01  7.30E-02
 
  128
+        1.30E+01  3.60E+01  7.53E+01  7.30E-02
 
  129
+        1.30E+01  4.80E+01  7.53E+01  7.30E-02
 
1

 LINE NO.ID        TIME      WT        LOGTWT   
 
  130
+        1.30E+01  7.20E+01  7.53E+01  7.30E-02
 
  131
+        1.30E+01  9.60E+01  7.53E+01  7.30E-02
 
  132
+        1.30E+01  1.20E+02  7.53E+01  7.30E-02
 
  133
+        1.40E+01  0.00E+00  7.53E+01  7.30E-02
 
  134
+        1.40E+01  5.00E-01  7.53E+01  7.30E-02
 
  135
+        1.40E+01  1.50E+00  7.53E+01  7.30E-02
 
  136
+        1.40E+01  2.00E+00  7.53E+01  7.30E-02
 
  137
+        1.40E+01  3.00E+00  7.53E+01  7.30E-02
 
  138
+        1.40E+01  6.00E+00  7.53E+01  7.30E-02
 
  139
+        1.40E+01  9.00E+00  7.53E+01  7.30E-02
 
  140
+        1.40E+01  2.40E+01  7.53E+01  7.30E-02
 
  141
+        1.40E+01  3.60E+01  7.53E+01  7.30E-02
 
  142
+        1.40E+01  4.80E+01  7.53E+01  7.30E-02
 
  143
+        1.40E+01  7.20E+01  7.53E+01  7.30E-02
 
  144
+        1.40E+01  9.60E+01  7.53E+01  7.30E-02
 
  145
+        1.40E+01  1.20E+02  7.53E+01  7.30E-02
 
  146
+        1.50E+01  0.00E+00  5.00E+01 -3.36E-01
 
  147
+        1.50E+01  5.00E-01  5.00E+01 -3.36E-01
 
  148
+        1.50E+01  1.00E+00  5.00E+01 -3.36E-01
 
  149
+        1.50E+01  2.00E+00  5.00E+01 -3.36E-01
 
  150
+        1.50E+01  3.00E+00  5.00E+01 -3.36E-01
 
  151
+        1.50E+01  6.00E+00  5.00E+01 -3.36E-01
 
  152
+        1.50E+01  9.00E+00  5.00E+01 -3.36E-01
 
  153
+        1.50E+01  2.40E+01  5.00E+01 -3.36E-01
 
  154
+        1.50E+01  3.60E+01  5.00E+01 -3.36E-01
 
  155
+        1.50E+01  4.80E+01  5.00E+01 -3.36E-01
 
1

 LINE NO.ID        TIME      WT        LOGTWT   
 
  156
+        1.50E+01  7.20E+01  5.00E+01 -3.36E-01
 
  157
+        1.50E+01  9.60E+01  5.00E+01 -3.36E-01
 
  158
+        1.50E+01  1.20E+02  5.00E+01 -3.36E-01
 
  159
+        1.60E+01  0.00E+00  5.67E+01 -2.11E-01
 
  160
+        1.60E+01  1.00E+00  5.67E+01 -2.11E-01
 
  161
+        1.60E+01  3.00E+00  5.67E+01 -2.11E-01
 
  162
+        1.60E+01  6.00E+00  5.67E+01 -2.11E-01
 
  163
+        1.60E+01  9.00E+00  5.67E+01 -2.11E-01
 
  164
+        1.60E+01  2.40E+01  5.67E+01 -2.11E-01
 
  165
+        1.60E+01  3.60E+01  5.67E+01 -2.11E-01
 
  166
+        1.60E+01  4.80E+01  5.67E+01 -2.11E-01
 
  167
+        1.60E+01  7.20E+01  5.67E+01 -2.11E-01
 
  168
+        1.60E+01  9.60E+01  5.67E+01 -2.11E-01
 
  169
+        1.60E+01  1.20E+02  5.67E+01 -2.11E-01
 
  170
+        1.70E+01  0.00E+00  5.80E+01 -1.88E-01
 
  171
+        1.70E+01  2.40E+01  5.80E+01 -1.88E-01
 
  172
+        1.70E+01  3.60E+01  5.80E+01 -1.88E-01
 
  173
+        1.70E+01  4.80E+01  5.80E+01 -1.88E-01
 
  174
+        1.70E+01  7.20E+01  5.80E+01 -1.88E-01
 
  175
+        1.70E+01  9.60E+01  5.80E+01 -1.88E-01
 
  176
+        1.70E+01  1.20E+02  5.80E+01 -1.88E-01
 
  177
+        1.80E+01  0.00E+00  7.80E+01  1.08E-01
 
  178
+        1.80E+01  2.40E+01  7.80E+01  1.08E-01
 
  179
+        1.80E+01  3.60E+01  7.80E+01  1.08E-01
 
  180
+        1.80E+01  4.80E+01  7.80E+01  1.08E-01
 
  181
+        1.80E+01  7.20E+01  7.80E+01  1.08E-01
 
1

 LINE NO.ID        TIME      WT        LOGTWT   
 
  182
+        1.80E+01  9.60E+01  7.80E+01  1.08E-01
 
  183
+        1.80E+01  1.20E+02  7.80E+01  1.08E-01
 
  184
+        1.90E+01  0.00E+00  7.47E+01  6.50E-02
 
  185
+        1.90E+01  2.40E+01  7.47E+01  6.50E-02
 
  186
+        1.90E+01  3.60E+01  7.47E+01  6.50E-02
 
  187
+        1.90E+01  4.80E+01  7.47E+01  6.50E-02
 
  188
+        1.90E+01  7.20E+01  7.47E+01  6.50E-02
 
  189
+        1.90E+01  9.60E+01  7.47E+01  6.50E-02
 
  190
+        1.90E+01  1.20E+02  7.47E+01  6.50E-02
 
  191
+        2.00E+01  0.00E+00  6.37E+01 -9.43E-02
 
  192
+        2.00E+01  2.40E+01  6.37E+01 -9.43E-02
 
  193
+        2.00E+01  3.60E+01  6.37E+01 -9.43E-02
 
  194
+        2.00E+01  4.80E+01  6.37E+01 -9.43E-02
 
  195
+        2.00E+01  7.20E+01  6.37E+01 -9.43E-02
 
  196
+        2.00E+01  9.60E+01  6.37E+01 -9.43E-02
 
  197
+        2.00E+01  1.20E+02  6.37E+01 -9.43E-02
 
  198
+        2.10E+01  0.00E+00  5.90E+01 -1.71E-01
 
  199
+        2.10E+01  2.40E+01  5.90E+01 -1.71E-01
 
  200
+        2.10E+01  3.60E+01  5.90E+01 -1.71E-01
 
  201
+        2.10E+01  4.80E+01  5.90E+01 -1.71E-01
 
  202
+        2.10E+01  7.20E+01  5.90E+01 -1.71E-01
 
  203
+        2.10E+01  9.60E+01  5.90E+01 -1.71E-01
 
  204
+        2.10E+01  1.20E+02  5.90E+01 -1.71E-01
 
  205
+        2.20E+01  0.00E+00  6.20E+01 -1.21E-01
 
  206
+        2.20E+01  2.40E+01  6.20E+01 -1.21E-01
 
  207
+        2.20E+01  3.60E+01  6.20E+01 -1.21E-01
 
1

 LINE NO.ID        TIME      WT        LOGTWT   
 
  208
+        2.20E+01  4.80E+01  6.20E+01 -1.21E-01
 
  209
+        2.20E+01  7.20E+01  6.20E+01 -1.21E-01
 
  210
+        2.20E+01  9.60E+01  6.20E+01 -1.21E-01
 
  211
+        2.20E+01  1.20E+02  6.20E+01 -1.21E-01
 
  212
+        2.30E+01  0.00E+00  5.80E+01 -1.88E-01
 
  213
+        2.30E+01  2.40E+01  5.80E+01 -1.88E-01
 
  214
+        2.30E+01  3.60E+01  5.80E+01 -1.88E-01
 
  215
+        2.30E+01  4.80E+01  5.80E+01 -1.88E-01
 
  216
+        2.30E+01  7.20E+01  5.80E+01 -1.88E-01
 
  217
+        2.30E+01  9.60E+01  5.80E+01 -1.88E-01
 
  218
+        2.30E+01  1.20E+02  5.80E+01 -1.88E-01
 
  219
+        2.40E+01  0.00E+00  7.33E+01  4.61E-02
 
  220
+        2.40E+01  2.40E+01  7.33E+01  4.61E-02
 
  221
+        2.40E+01  3.60E+01  7.33E+01  4.61E-02
 
  222
+        2.40E+01  4.80E+01  7.33E+01  4.61E-02
 
  223
+        2.40E+01  7.20E+01  7.33E+01  4.61E-02
 
  224
+        2.40E+01  9.60E+01  7.33E+01  4.61E-02
 
  225
+        2.40E+01  1.20E+02  7.33E+01  4.61E-02
 
  226
+        2.50E+01  0.00E+00  7.67E+01  9.14E-02
 
  227
+        2.50E+01  2.40E+01  7.67E+01  9.14E-02
 
  228
+        2.50E+01  3.60E+01  7.67E+01  9.14E-02
 
  229
+        2.50E+01  4.80E+01  7.67E+01  9.14E-02
 
  230
+        2.50E+01  7.20E+01  7.67E+01  9.14E-02
 
  231
+        2.50E+01  9.60E+01  7.67E+01  9.14E-02
 
  232
+        2.50E+01  1.20E+02  7.67E+01  9.14E-02
 
  233
+        2.60E+01  0.00E+00  7.47E+01  6.50E-02
 
1

 LINE NO.ID        TIME      WT        LOGTWT   
 
  234
+        2.60E+01  2.40E+01  7.47E+01  6.50E-02
 
  235
+        2.60E+01  3.60E+01  7.47E+01  6.50E-02
 
  236
+        2.60E+01  4.80E+01  7.47E+01  6.50E-02
 
  237
+        2.60E+01  7.20E+01  7.47E+01  6.50E-02
 
  238
+        2.60E+01  9.60E+01  7.47E+01  6.50E-02
 
  239
+        2.60E+01  1.20E+02  7.47E+01  6.50E-02
 
  240
+        2.70E+01  0.00E+00  8.00E+01  1.34E-01
 
  241
+        2.70E+01  2.40E+01  8.00E+01  1.34E-01
 
  242
+        2.70E+01  3.60E+01  8.00E+01  1.34E-01
 
  243
+        2.70E+01  4.80E+01  8.00E+01  1.34E-01
 
  244
+        2.70E+01  7.20E+01  8.00E+01  1.34E-01
 
  245
+        2.70E+01  9.60E+01  8.00E+01  1.34E-01
 
  246
+        2.70E+01  1.20E+02  8.00E+01  1.34E-01
 
  247
+        2.80E+01  0.00E+00  8.00E+01  1.34E-01
 
  248
+        2.80E+01  2.40E+01  8.00E+01  1.34E-01
 
  249
+        2.80E+01  3.60E+01  8.00E+01  1.34E-01
 
  250
+        2.80E+01  4.80E+01  8.00E+01  1.34E-01
 
  251
+        2.80E+01  7.20E+01  8.00E+01  1.34E-01
 
  252
+        2.80E+01  9.60E+01  8.00E+01  1.34E-01
 
  253
+        2.80E+01  1.20E+02  8.00E+01  1.34E-01
 
  254
+        2.90E+01  0.00E+00  8.00E+01  1.34E-01
 
  255
+        2.90E+01  2.40E+01  8.00E+01  1.34E-01
 
  256
+        2.90E+01  3.60E+01  8.00E+01  1.34E-01
 
  257
+        2.90E+01  4.80E+01  8.00E+01  1.34E-01
 
  258
+        2.90E+01  7.20E+01  8.00E+01  1.34E-01
 
  259
+        2.90E+01  9.60E+01  8.00E+01  1.34E-01
 
1

 LINE NO.ID        TIME      WT        LOGTWT   
 
  260
+        2.90E+01  1.20E+02  8.00E+01  1.34E-01
 
  261
+        3.00E+01  0.00E+00  1.02E+02  3.76E-01
 
  262
+        3.00E+01  2.40E+01  1.02E+02  3.76E-01
 
  263
+        3.00E+01  3.60E+01  1.02E+02  3.76E-01
 
  264
+        3.00E+01  4.80E+01  1.02E+02  3.76E-01
 
  265
+        3.00E+01  7.20E+01  1.02E+02  3.76E-01
 
  266
+        3.00E+01  9.60E+01  1.02E+02  3.76E-01
 
  267
+        3.00E+01  1.20E+02  1.02E+02  3.76E-01
 
  268
+        3.10E+01  0.00E+00  7.00E+01  0.00E+00
 
  269
+        3.10E+01  2.40E+01  7.00E+01  0.00E+00
 
  270
+        3.10E+01  3.60E+01  7.00E+01  0.00E+00
 
  271
+        3.10E+01  4.80E+01  7.00E+01  0.00E+00
 
  272
+        3.10E+01  7.20E+01  7.00E+01  0.00E+00
 
  273
+        3.10E+01  9.60E+01  7.00E+01  0.00E+00
 
  274
+        3.10E+01  1.20E+02  7.00E+01  0.00E+00
 
  275
+        3.20E+01  0.00E+00  8.33E+01  1.74E-01
 
  276
+        3.20E+01  2.40E+01  8.33E+01  1.74E-01
 
  277
+        3.20E+01  3.60E+01  8.33E+01  1.74E-01
 
  278
+        3.20E+01  4.80E+01  8.33E+01  1.74E-01
 
  279
+        3.20E+01  7.20E+01  8.33E+01  1.74E-01
 
  280
+        3.20E+01  9.60E+01  8.33E+01  1.74E-01
 
  281
+        3.20E+01  1.20E+02  8.33E+01  1.74E-01
 
  282
+        3.30E+01  0.00E+00  6.20E+01 -1.21E-01
 
  283
+        3.30E+01  2.40E+01  6.20E+01 -1.21E-01
 
  284
+        3.30E+01  3.60E+01  6.20E+01 -1.21E-01
 
  285
+        3.30E+01  4.80E+01  6.20E+01 -1.21E-01
 
1

 LINE NO.ID        TIME      WT        LOGTWT   
 
  286
+        3.30E+01  7.20E+01  6.20E+01 -1.21E-01
 
  287
+        3.30E+01  9.60E+01  6.20E+01 -1.21E-01
 
  288
+        3.30E+01  1.20E+02  6.20E+01 -1.21E-01
 
Stop Time: 
27/11/2014 
12:03
